[0.049s] DEBUG:colcon:Command line arguments: ['/usr/bin/colcon', 'build', '--packages-select', 'my_package']
[0.049s] DEBUG:colcon:Parsed command line arguments: Namespace(log_base=None, log_level=None, verb_name='build', build_base='build', install_base='install', merge_install=False, symlink_install=False, test_result_base=None, continue_on_error=False, executor='parallel', parallel_workers=16, event_handlers=None, ignore_user_meta=False, metas=['./colcon.meta'], base_paths=['.'], packages_ignore=None, packages_ignore_regex=None, paths=None, packages_up_to=None, packages_up_to_regex=None, packages_above=None, packages_above_and_dependencies=None, packages_above_depth=None, packages_select_by_dep=None, packages_skip_by_dep=None, packages_skip_up_to=None, packages_select_build_failed=False, packages_skip_build_finished=False, packages_select_test_failures=False, packages_skip_test_passed=False, packages_select=['my_package'], packages_skip=None, packages_select_regex=None, packages_skip_regex=None, packages_start=None, packages_end=None, allow_overriding=[], cmake_args=None, cmake_target=None, cmake_target_skip_unavailable=False, cmake_clean_cache=False, cmake_clean_first=False, cmake_force_configure=False, ament_cmake_args=None, catkin_cmake_args=None, catkin_skip_building_tests=False, verb_parser=<colcon_defaults.argument_parser.defaults.DefaultArgumentsDecorator object at 0x77b97d6745c0>, verb_extension=<colcon_core.verb.build.BuildVerb object at 0x77b97d7f6540>, main=<bound method BuildVerb.main of <colcon_core.verb.build.BuildVerb object at 0x77b97d7f6540>>)
[0.067s] Level 1:colcon.colcon_core.package_discovery:discover_packages(colcon_meta) check parameters
[0.067s] Level 1:colcon.colcon_core.package_discovery:discover_packages(recursive) check parameters
[0.067s] Level 1:colcon.colcon_core.package_discovery:discover_packages(ignore) check parameters
[0.067s] Level 1:colcon.colcon_core.package_discovery:discover_packages(path) check parameters
[0.067s] Level 1:colcon.colcon_core.package_discovery:discover_packages(colcon_meta) discover
[0.067s] Level 1:colcon.colcon_core.package_discovery:discover_packages(recursive) discover
[0.067s] INFO:colcon.colcon_core.package_discovery:Crawling recursively for packages in '/home/shaqiloheal/ros2_ws'
[0.067s] Level 1:colcon.colcon_core.package_identification:_identify(.) by extensions ['ignore', 'ignore_ament_install']
[0.067s] Level 1:colcon.colcon_core.package_identification:_identify(.) by extension 'ignore'
[0.067s] Level 1:colcon.colcon_core.package_identification:_identify(.) by extension 'ignore_ament_install'
[0.067s] Level 1:colcon.colcon_core.package_identification:_identify(.) by extensions ['colcon_pkg']
[0.067s] Level 1:colcon.colcon_core.package_identification:_identify(.) by extension 'colcon_pkg'
[0.067s] Level 1:colcon.colcon_core.package_identification:_identify(.) by extensions ['colcon_meta']
[0.067s] Level 1:colcon.colcon_core.package_identification:_identify(.) by extension 'colcon_meta'
[0.067s] Level 1:colcon.colcon_core.package_identification:_identify(.) by extensions ['ros']
[0.067s] Level 1:colcon.colcon_core.package_identification:_identify(.) by extension 'ros'
[0.080s] Level 1:colcon.colcon_core.package_identification:_identify(.) by extensions ['cmake', 'python']
[0.080s] Level 1:colcon.colcon_core.package_identification:_identify(.) by extension 'cmake'
[0.080s] Level 1:colcon.colcon_core.package_identification:_identify(.) by extension 'python'
[0.080s] Level 1:colcon.colcon_core.package_identification:_identify(.) by extensions ['python_setup_py']
[0.080s] Level 1:colcon.colcon_core.package_identification:_identify(.) by extension 'python_setup_py'
[0.080s] Level 1:colcon.colcon_core.package_identification:_identify(build) by extensions ['ignore', 'ignore_ament_install']
[0.080s] Level 1:colcon.colcon_core.package_identification:_identify(build) by extension 'ignore'
[0.080s] Level 1:colcon.colcon_core.package_identification:_identify(build) ignored
[0.080s] Level 1:colcon.colcon_core.package_identification:_identify(install) by extensions ['ignore', 'ignore_ament_install']
[0.080s] Level 1:colcon.colcon_core.package_identification:_identify(install) by extension 'ignore'
[0.080s] Level 1:colcon.colcon_core.package_identification:_identify(install) ignored
[0.080s] Level 1:colcon.colcon_core.package_identification:_identify(launch) by extensions ['ignore', 'ignore_ament_install']
[0.080s] Level 1:colcon.colcon_core.package_identification:_identify(launch) by extension 'ignore'
[0.080s] Level 1:colcon.colcon_core.package_identification:_identify(launch) by extension 'ignore_ament_install'
[0.080s] Level 1:colcon.colcon_core.package_identification:_identify(launch) by extensions ['colcon_pkg']
[0.080s] Level 1:colcon.colcon_core.package_identification:_identify(launch) by extension 'colcon_pkg'
[0.080s] Level 1:colcon.colcon_core.package_identification:_identify(launch) by extensions ['colcon_meta']
[0.080s] Level 1:colcon.colcon_core.package_identification:_identify(launch) by extension 'colcon_meta'
[0.080s] Level 1:colcon.colcon_core.package_identification:_identify(launch) by extensions ['ros']
[0.080s] Level 1:colcon.colcon_core.package_identification:_identify(launch) by extension 'ros'
[0.080s] Level 1:colcon.colcon_core.package_identification:_identify(launch) by extensions ['cmake', 'python']
[0.080s] Level 1:colcon.colcon_core.package_identification:_identify(launch) by extension 'cmake'
[0.080s] Level 1:colcon.colcon_core.package_identification:_identify(launch) by extension 'python'
[0.080s] Level 1:colcon.colcon_core.package_identification:_identify(launch) by extensions ['python_setup_py']
[0.080s] Level 1:colcon.colcon_core.package_identification:_identify(launch) by extension 'python_setup_py'
[0.080s] Level 1:colcon.colcon_core.package_identification:_identify(launch/__pycache__) by extensions ['ignore', 'ignore_ament_install']
[0.080s] Level 1:colcon.colcon_core.package_identification:_identify(launch/__pycache__) by extension 'ignore'
[0.080s] Level 1:colcon.colcon_core.package_identification:_identify(launch/__pycache__) by extension 'ignore_ament_install'
[0.080s] Level 1:colcon.colcon_core.package_identification:_identify(launch/__pycache__) by extensions ['colcon_pkg']
[0.080s] Level 1:colcon.colcon_core.package_identification:_identify(launch/__pycache__) by extension 'colcon_pkg'
[0.080s] Level 1:colcon.colcon_core.package_identification:_identify(launch/__pycache__) by extensions ['colcon_meta']
[0.080s] Level 1:colcon.colcon_core.package_identification:_identify(launch/__pycache__) by extension 'colcon_meta'
[0.080s] Level 1:colcon.colcon_core.package_identification:_identify(launch/__pycache__) by extensions ['ros']
[0.080s] Level 1:colcon.colcon_core.package_identification:_identify(launch/__pycache__) by extension 'ros'
[0.080s] Level 1:colcon.colcon_core.package_identification:_identify(launch/__pycache__) by extensions ['cmake', 'python']
[0.080s] Level 1:colcon.colcon_core.package_identification:_identify(launch/__pycache__) by extension 'cmake'
[0.080s] Level 1:colcon.colcon_core.package_identification:_identify(launch/__pycache__) by extension 'python'
[0.080s] Level 1:colcon.colcon_core.package_identification:_identify(launch/__pycache__) by extensions ['python_setup_py']
[0.080s] Level 1:colcon.colcon_core.package_identification:_identify(launch/__pycache__) by extension 'python_setup_py'
[0.080s] Level 1:colcon.colcon_core.package_identification:_identify(log) by extensions ['ignore', 'ignore_ament_install']
[0.081s] Level 1:colcon.colcon_core.package_identification:_identify(log) by extension 'ignore'
[0.081s] Level 1:colcon.colcon_core.package_identification:_identify(log) ignored
[0.081s] Level 1:colcon.colcon_core.package_identification:_identify(src) by extensions ['ignore', 'ignore_ament_install']
[0.081s] Level 1:colcon.colcon_core.package_identification:_identify(src) by extension 'ignore'
[0.081s] Level 1:colcon.colcon_core.package_identification:_identify(src) by extension 'ignore_ament_install'
[0.081s] Level 1:colcon.colcon_core.package_identification:_identify(src) by extensions ['colcon_pkg']
[0.081s] Level 1:colcon.colcon_core.package_identification:_identify(src) by extension 'colcon_pkg'
[0.081s] Level 1:colcon.colcon_core.package_identification:_identify(src) by extensions ['colcon_meta']
[0.081s] Level 1:colcon.colcon_core.package_identification:_identify(src) by extension 'colcon_meta'
[0.081s] Level 1:colcon.colcon_core.package_identification:_identify(src) by extensions ['ros']
[0.081s] Level 1:colcon.colcon_core.package_identification:_identify(src) by extension 'ros'
[0.081s] Level 1:colcon.colcon_core.package_identification:_identify(src) by extensions ['cmake', 'python']
[0.081s] Level 1:colcon.colcon_core.package_identification:_identify(src) by extension 'cmake'
[0.081s] Level 1:colcon.colcon_core.package_identification:_identify(src) by extension 'python'
[0.081s] Level 1:colcon.colcon_core.package_identification:_identify(src) by extensions ['python_setup_py']
[0.081s] Level 1:colcon.colcon_core.package_identification:_identify(src) by extension 'python_setup_py'
[0.081s] Level 1:colcon.colcon_core.package_identification:_identify(src/hello_world) by extensions ['ignore', 'ignore_ament_install']
[0.081s] Level 1:colcon.colcon_core.package_identification:_identify(src/hello_world) by extension 'ignore'
[0.081s] Level 1:colcon.colcon_core.package_identification:_identify(src/hello_world) by extension 'ignore_ament_install'
[0.081s] Level 1:colcon.colcon_core.package_identification:_identify(src/hello_world) by extensions ['colcon_pkg']
[0.081s] Level 1:colcon.colcon_core.package_identification:_identify(src/hello_world) by extension 'colcon_pkg'
[0.081s] Level 1:colcon.colcon_core.package_identification:_identify(src/hello_world) by extensions ['colcon_meta']
[0.081s] Level 1:colcon.colcon_core.package_identification:_identify(src/hello_world) by extension 'colcon_meta'
[0.081s] Level 1:colcon.colcon_core.package_identification:_identify(src/hello_world) by extensions ['ros']
[0.081s] Level 1:colcon.colcon_core.package_identification:_identify(src/hello_world) by extension 'ros'
[0.082s] DEBUG:colcon.colcon_core.package_identification:Package 'src/hello_world' with type 'ros.ament_python' and name 'hello_world'
[0.082s] Level 1:colcon.colcon_core.package_identification:_identify(src/my_package) by extensions ['ignore', 'ignore_ament_install']
[0.082s] Level 1:colcon.colcon_core.package_identification:_identify(src/my_package) by extension 'ignore'
[0.082s] Level 1:colcon.colcon_core.package_identification:_identify(src/my_package) by extension 'ignore_ament_install'
[0.082s] Level 1:colcon.colcon_core.package_identification:_identify(src/my_package) by extensions ['colcon_pkg']
[0.082s] Level 1:colcon.colcon_core.package_identification:_identify(src/my_package) by extension 'colcon_pkg'
[0.082s] Level 1:colcon.colcon_core.package_identification:_identify(src/my_package) by extensions ['colcon_meta']
[0.082s] Level 1:colcon.colcon_core.package_identification:_identify(src/my_package) by extension 'colcon_meta'
[0.082s] Level 1:colcon.colcon_core.package_identification:_identify(src/my_package) by extensions ['ros']
[0.082s] Level 1:colcon.colcon_core.package_identification:_identify(src/my_package) by extension 'ros'
[0.082s] DEBUG:colcon.colcon_core.package_identification:Package 'src/my_package' with type 'ros.ament_python' and name 'my_package'
[0.082s] Level 1:colcon.colcon_core.package_identification:_identify(src/talker_listener) by extensions ['ignore', 'ignore_ament_install']
[0.082s] Level 1:colcon.colcon_core.package_identification:_identify(src/talker_listener) by extension 'ignore'
[0.083s] Level 1:colcon.colcon_core.package_identification:_identify(src/talker_listener) by extension 'ignore_ament_install'
[0.083s] Level 1:colcon.colcon_core.package_identification:_identify(src/talker_listener) by extensions ['colcon_pkg']
[0.083s] Level 1:colcon.colcon_core.package_identification:_identify(src/talker_listener) by extension 'colcon_pkg'
[0.083s] Level 1:colcon.colcon_core.package_identification:_identify(src/talker_listener) by extensions ['colcon_meta']
[0.083s] Level 1:colcon.colcon_core.package_identification:_identify(src/talker_listener) by extension 'colcon_meta'
[0.083s] Level 1:colcon.colcon_core.package_identification:_identify(src/talker_listener) by extensions ['ros']
[0.083s] Level 1:colcon.colcon_core.package_identification:_identify(src/talker_listener) by extension 'ros'
[0.083s] DEBUG:colcon.colcon_core.package_identification:Package 'src/talker_listener' with type 'ros.ament_python' and name 'talker_listener'
[0.083s] Level 1:colcon.colcon_core.package_discovery:discover_packages(recursive) using defaults
[0.083s] Level 1:colcon.colcon_core.package_discovery:discover_packages(ignore) discover
[0.083s] Level 1:colcon.colcon_core.package_discovery:discover_packages(ignore) using defaults
[0.083s] Level 1:colcon.colcon_core.package_discovery:discover_packages(path) discover
[0.083s] Level 1:colcon.colcon_core.package_discovery:discover_packages(path) using defaults
[0.092s] INFO:colcon.colcon_core.package_selection:Skipping not selected package 'hello_world' in 'src/hello_world'
[0.092s] INFO:colcon.colcon_core.package_selection:Skipping not selected package 'talker_listener' in 'src/talker_listener'
[0.092s] Level 1:colcon.colcon_core.package_discovery:discover_packages(prefix_path) check parameters
[0.092s] Level 1:colcon.colcon_core.package_discovery:discover_packages(prefix_path) discover
[0.093s] DEBUG:colcon.colcon_installed_package_information.package_discovery:Found 5 installed packages in /home/shaqiloheal/ros2_ws/install
[0.094s] DEBUG:colcon.colcon_installed_package_information.package_discovery:Found 337 installed packages in /opt/ros/jazzy
[0.094s] Level 1:colcon.colcon_core.package_discovery:discover_packages(prefix_path) using defaults
[0.117s] Level 5:colcon.colcon_core.verb:set package 'my_package' build argument 'cmake_args' from command line to 'None'
[0.117s] Level 5:colcon.colcon_core.verb:set package 'my_package' build argument 'cmake_target' from command line to 'None'
[0.117s] Level 5:colcon.colcon_core.verb:set package 'my_package' build argument 'cmake_target_skip_unavailable' from command line to 'False'
[0.117s] Level 5:colcon.colcon_core.verb:set package 'my_package' build argument 'cmake_clean_cache' from command line to 'False'
[0.117s] Level 5:colcon.colcon_core.verb:set package 'my_package' build argument 'cmake_clean_first' from command line to 'False'
[0.117s] Level 5:colcon.colcon_core.verb:set package 'my_package' build argument 'cmake_force_configure' from command line to 'False'
[0.117s] Level 5:colcon.colcon_core.verb:set package 'my_package' build argument 'ament_cmake_args' from command line to 'None'
[0.117s] Level 5:colcon.colcon_core.verb:set package 'my_package' build argument 'catkin_cmake_args' from command line to 'None'
[0.117s] Level 5:colcon.colcon_core.verb:set package 'my_package' build argument 'catkin_skip_building_tests' from command line to 'False'
[0.117s] DEBUG:colcon.colcon_core.verb:Building package 'my_package' with the following arguments: {'ament_cmake_args': None, 'build_base': '/home/shaqiloheal/ros2_ws/build/my_package', 'catkin_cmake_args': None, 'catkin_skip_building_tests': False, 'cmake_args': None, 'cmake_clean_cache': False, 'cmake_clean_first': False, 'cmake_force_configure': False, 'cmake_target': None, 'cmake_target_skip_unavailable': False, 'install_base': '/home/shaqiloheal/ros2_ws/install/my_package', 'merge_install': False, 'path': '/home/shaqiloheal/ros2_ws/src/my_package', 'symlink_install': False, 'test_result_base': None}
[0.117s] INFO:colcon.colcon_core.executor:Executing jobs using 'parallel' executor
[0.117s] DEBUG:colcon.colcon_parallel_executor.executor.parallel:run_until_complete
[0.118s] INFO:colcon.colcon_ros.task.ament_python.build:Building ROS package in '/home/shaqiloheal/ros2_ws/src/my_package' with build type 'ament_python'
[0.118s] Level 1:colcon.colcon_core.shell:create_environment_hook('my_package', 'ament_prefix_path')
[0.118s] INFO:colcon.colcon_core.plugin_system:Skipping extension 'colcon_core.shell.bat': Not used on non-Windows systems
[0.118s] INFO:colcon.colcon_core.shell:Creating environment hook '/home/shaqiloheal/ros2_ws/install/my_package/share/my_package/hook/ament_prefix_path.ps1'
[0.119s] INFO:colcon.colcon_core.shell:Creating environment descriptor '/home/shaqiloheal/ros2_ws/install/my_package/share/my_package/hook/ament_prefix_path.dsv'
[0.119s] INFO:colcon.colcon_core.shell:Creating environment hook '/home/shaqiloheal/ros2_ws/install/my_package/share/my_package/hook/ament_prefix_path.sh'
[0.119s] INFO:colcon.colcon_core.shell:Skip shell extension 'powershell' for command environment: Not usable outside of PowerShell
[0.119s] DEBUG:colcon.colcon_core.shell:Skip shell extension 'dsv' for command environment
[0.220s] INFO:colcon.colcon_core.task.python.build:Building Python package in '/home/shaqiloheal/ros2_ws/src/my_package'
[0.220s] INFO:colcon.colcon_core.shell:Skip shell extension 'powershell' for command environment: Not usable outside of PowerShell
[0.220s] DEBUG:colcon.colcon_core.shell:Skip shell extension 'dsv' for command environment
[0.481s] DEBUG:colcon.colcon_core.event_handler.log_command:Invoking command in '/home/shaqiloheal/ros2_ws/src/my_package': DEBUGINFOD_URLS=https://debuginfod.ubuntu.com PYTHONPATH=/home/shaqiloheal/ros2_ws/build/my_package/prefix_override:/usr/lib/python3/dist-packages/colcon_core/task/python/colcon_distutils_commands:/home/shaqiloheal/ros2_ws/install/my_package/lib/python3.12/site-packages:${PYTHONPATH} /usr/bin/python3 -W ignore:setup.py install is deprecated setup.py egg_info --egg-base ../../build/my_package build --build-base /home/shaqiloheal/ros2_ws/build/my_package/build install --record /home/shaqiloheal/ros2_ws/build/my_package/install.log --single-version-externally-managed install_data
[0.712s] DEBUG:colcon.colcon_core.event_handler.log_command:Invoked command in '/home/shaqiloheal/ros2_ws/src/my_package' returned '0': DEBUGINFOD_URLS=https://debuginfod.ubuntu.com PYTHONPATH=/home/shaqiloheal/ros2_ws/build/my_package/prefix_override:/usr/lib/python3/dist-packages/colcon_core/task/python/colcon_distutils_commands:/home/shaqiloheal/ros2_ws/install/my_package/lib/python3.12/site-packages:${PYTHONPATH} /usr/bin/python3 -W ignore:setup.py install is deprecated setup.py egg_info --egg-base ../../build/my_package build --build-base /home/shaqiloheal/ros2_ws/build/my_package/build install --record /home/shaqiloheal/ros2_ws/build/my_package/install.log --single-version-externally-managed install_data
[0.713s] Level 1:colcon.colcon_core.environment:checking '/home/shaqiloheal/ros2_ws/install/my_package' for CMake module files
[0.713s] Level 1:colcon.colcon_core.environment:checking '/home/shaqiloheal/ros2_ws/install/my_package' for CMake config files
[0.714s] Level 1:colcon.colcon_core.environment:checking '/home/shaqiloheal/ros2_ws/install/my_package/lib'
[0.714s] Level 1:colcon.colcon_core.environment:checking '/home/shaqiloheal/ros2_ws/install/my_package/bin'
[0.714s] Level 1:colcon.colcon_core.environment:checking '/home/shaqiloheal/ros2_ws/install/my_package/lib/pkgconfig/my_package.pc'
[0.714s] Level 1:colcon.colcon_core.environment:checking '/home/shaqiloheal/ros2_ws/install/my_package/lib/python3.12/site-packages'
[0.714s] Level 1:colcon.colcon_core.shell:create_environment_hook('my_package', 'pythonpath')
[0.714s] INFO:colcon.colcon_core.shell:Creating environment hook '/home/shaqiloheal/ros2_ws/install/my_package/share/my_package/hook/pythonpath.ps1'
[0.714s] INFO:colcon.colcon_core.shell:Creating environment descriptor '/home/shaqiloheal/ros2_ws/install/my_package/share/my_package/hook/pythonpath.dsv'
[0.715s] INFO:colcon.colcon_core.shell:Creating environment hook '/home/shaqiloheal/ros2_ws/install/my_package/share/my_package/hook/pythonpath.sh'
[0.715s] Level 1:colcon.colcon_core.environment:checking '/home/shaqiloheal/ros2_ws/install/my_package/bin'
[0.715s] Level 1:colcon.colcon_core.environment:create_environment_scripts_only(my_package)
[0.715s] INFO:colcon.colcon_core.shell:Creating package script '/home/shaqiloheal/ros2_ws/install/my_package/share/my_package/package.ps1'
[0.715s] INFO:colcon.colcon_core.shell:Creating package descriptor '/home/shaqiloheal/ros2_ws/install/my_package/share/my_package/package.dsv'
[0.716s] INFO:colcon.colcon_core.shell:Creating package script '/home/shaqiloheal/ros2_ws/install/my_package/share/my_package/package.sh'
[0.716s] INFO:colcon.colcon_core.shell:Creating package script '/home/shaqiloheal/ros2_ws/install/my_package/share/my_package/package.bash'
[0.716s] INFO:colcon.colcon_core.shell:Creating package script '/home/shaqiloheal/ros2_ws/install/my_package/share/my_package/package.zsh'
[0.717s] Level 1:colcon.colcon_core.environment:create_file_with_runtime_dependencies(/home/shaqiloheal/ros2_ws/install/my_package/share/colcon-core/packages/my_package)
[0.717s] DEBUG:colcon.colcon_parallel_executor.executor.parallel:closing loop
[0.717s] DEBUG:colcon.colcon_parallel_executor.executor.parallel:loop closed
[0.717s] DEBUG:colcon.colcon_parallel_executor.executor.parallel:run_until_complete finished with '0'
[0.717s] DEBUG:colcon.colcon_core.event_reactor:joining thread
[0.720s] INFO:colcon.colcon_core.plugin_system:Skipping extension 'colcon_notification.desktop_notification.terminal_notifier': Not used on non-Darwin systems
[0.720s] INFO:colcon.colcon_core.plugin_system:Skipping extension 'colcon_notification.desktop_notification.win32': Not used on non-Windows systems
[0.720s] INFO:colcon.colcon_notification.desktop_notification:Sending desktop notification using 'notify2'
[0.729s] DEBUG:colcon.colcon_core.event_reactor:joined thread
[0.729s] INFO:colcon.colcon_core.shell:Creating prefix script '/home/shaqiloheal/ros2_ws/install/local_setup.ps1'
[0.730s] INFO:colcon.colcon_core.shell:Creating prefix util module '/home/shaqiloheal/ros2_ws/install/_local_setup_util_ps1.py'
[0.730s] INFO:colcon.colcon_core.shell:Creating prefix chain script '/home/shaqiloheal/ros2_ws/install/setup.ps1'
[0.731s] INFO:colcon.colcon_core.shell:Creating prefix script '/home/shaqiloheal/ros2_ws/install/local_setup.sh'
[0.731s] INFO:colcon.colcon_core.shell:Creating prefix util module '/home/shaqiloheal/ros2_ws/install/_local_setup_util_sh.py'
[0.732s] INFO:colcon.colcon_core.shell:Creating prefix chain script '/home/shaqiloheal/ros2_ws/install/setup.sh'
[0.732s] INFO:colcon.colcon_core.shell:Creating prefix script '/home/shaqiloheal/ros2_ws/install/local_setup.bash'
[0.732s] INFO:colcon.colcon_core.shell:Creating prefix chain script '/home/shaqiloheal/ros2_ws/install/setup.bash'
[0.733s] INFO:colcon.colcon_core.shell:Creating prefix script '/home/shaqiloheal/ros2_ws/install/local_setup.zsh'
[0.733s] INFO:colcon.colcon_core.shell:Creating prefix chain script '/home/shaqiloheal/ros2_ws/install/setup.zsh'
