[0.360s] Invoking command in '/home/shaqiloheal/ros2_ws/src/my_package': DEBUGINFOD_URLS=https://debuginfod.ubuntu.com PYTHONPATH=/home/shaqiloheal/ros2_ws/build/my_package/prefix_override:/usr/lib/python3/dist-packages/colcon_core/task/python/colcon_distutils_commands:/home/shaqiloheal/ros2_ws/install/my_package/lib/python3.12/site-packages:${PYTHONPATH} /usr/bin/python3 -W ignore:setup.py install is deprecated setup.py egg_info --egg-base ../../build/my_package build --build-base /home/shaqiloheal/ros2_ws/build/my_package/build install --record /home/shaqiloheal/ros2_ws/build/my_package/install.log --single-version-externally-managed install_data
[0.476s] running egg_info
[0.483s] writing ../../build/my_package/my_package.egg-info/PKG-INFO
[0.483s] writing dependency_links to ../../build/my_package/my_package.egg-info/dependency_links.txt
[0.483s] writing entry points to ../../build/my_package/my_package.egg-info/entry_points.txt
[0.483s] writing requirements to ../../build/my_package/my_package.egg-info/requires.txt
[0.483s] writing top-level names to ../../build/my_package/my_package.egg-info/top_level.txt
[0.498s] reading manifest file '../../build/my_package/my_package.egg-info/SOURCES.txt'
[0.498s] adding license file 'LICENSE'
[0.499s] writing manifest file '../../build/my_package/my_package.egg-info/SOURCES.txt'
[0.499s] running build
[0.499s] running build_py
[0.499s] copying my_package/simple.py -> /home/shaqiloheal/ros2_ws/build/my_package/build/lib/my_package
[0.499s] running install
[0.502s] running install_lib
[0.510s] copying /home/shaqiloheal/ros2_ws/build/my_package/build/lib/my_package/simple.py -> /home/shaqiloheal/ros2_ws/install/my_package/lib/python3.12/site-packages/my_package
[0.510s] byte-compiling /home/shaqiloheal/ros2_ws/install/my_package/lib/python3.12/site-packages/my_package/simple.py to simple.cpython-312.pyc
[0.510s] running install_data
[0.510s] copying launch/my_package_launch_file.launch.py -> /home/shaqiloheal/ros2_ws/install/my_package/share/my_package
[0.510s] running install_egg_info
[0.518s] removing '/home/shaqiloheal/ros2_ws/install/my_package/lib/python3.12/site-packages/my_package-0.0.0-py3.12.egg-info' (and everything under it)
[0.519s] Copying ../../build/my_package/my_package.egg-info to /home/shaqiloheal/ros2_ws/install/my_package/lib/python3.12/site-packages/my_package-0.0.0-py3.12.egg-info
[0.519s] running install_scripts
[0.577s] Installing simple_node script to /home/shaqiloheal/ros2_ws/install/my_package/lib/my_package
[0.577s] writing list of installed files to '/home/shaqiloheal/ros2_ws/build/my_package/install.log'
[0.592s] Invoked command in '/home/shaqiloheal/ros2_ws/src/my_package' returned '0': DEBUGINFOD_URLS=https://debuginfod.ubuntu.com PYTHONPATH=/home/shaqiloheal/ros2_ws/build/my_package/prefix_override:/usr/lib/python3/dist-packages/colcon_core/task/python/colcon_distutils_commands:/home/shaqiloheal/ros2_ws/install/my_package/lib/python3.12/site-packages:${PYTHONPATH} /usr/bin/python3 -W ignore:setup.py install is deprecated setup.py egg_info --egg-base ../../build/my_package build --build-base /home/shaqiloheal/ros2_ws/build/my_package/build install --record /home/shaqiloheal/ros2_ws/build/my_package/install.log --single-version-externally-managed install_data
