[0.363s] Invoking command in '/home/shaqiloheal/ros2_ws/src/my_package': DEBUGINFOD_URLS=https://debuginfod.ubuntu.com PYTHONPATH=/home/shaqiloheal/ros2_ws/build/my_package/prefix_override:/usr/lib/python3/dist-packages/colcon_core/task/python/colcon_distutils_commands:/home/shaqiloheal/ros2_ws/install/my_package/lib/python3.12/site-packages:${PYTHONPATH} /usr/bin/python3 -W ignore:setup.py install is deprecated setup.py egg_info --egg-base ../../build/my_package build --build-base /home/shaqiloheal/ros2_ws/build/my_package/build install --record /home/shaqiloheal/ros2_ws/build/my_package/install.log --single-version-externally-managed install_data
[0.479s] running egg_info
[0.487s] writing ../../build/my_package/my_package.egg-info/PKG-INFO
[0.487s] writing dependency_links to ../../build/my_package/my_package.egg-info/dependency_links.txt
[0.487s] deleting ../../build/my_package/my_package.egg-info/entry_points.txt
[0.487s] writing requirements to ../../build/my_package/my_package.egg-info/requires.txt
[0.487s] writing top-level names to ../../build/my_package/my_package.egg-info/top_level.txt
[0.502s] reading manifest file '../../build/my_package/my_package.egg-info/SOURCES.txt'
[0.502s] adding license file 'LICENSE'
[0.503s] writing manifest file '../../build/my_package/my_package.egg-info/SOURCES.txt'
[0.503s] running build
[0.503s] running build_py
[0.503s] copying my_package/__init__.py -> /home/shaqiloheal/ros2_ws/build/my_package/build/lib/my_package
[0.503s] running install
[0.506s] running install_lib
[0.514s] copying /home/shaqiloheal/ros2_ws/build/my_package/build/lib/my_package/__init__.py -> /home/shaqiloheal/ros2_ws/install/my_package/lib/python3.12/site-packages/my_package
[0.514s] byte-compiling /home/shaqiloheal/ros2_ws/install/my_package/lib/python3.12/site-packages/my_package/__init__.py to __init__.cpython-312.pyc
[0.514s] running install_data
[0.514s] copying resource/my_package -> /home/shaqiloheal/ros2_ws/install/my_package/share/ament_index/resource_index/packages
[0.514s] copying package.xml -> /home/shaqiloheal/ros2_ws/install/my_package/share/my_package
[0.514s] running install_egg_info
[0.522s] removing '/home/shaqiloheal/ros2_ws/install/my_package/lib/python3.12/site-packages/my_package-0.0.0-py3.12.egg-info' (and everything under it)
[0.523s] Copying ../../build/my_package/my_package.egg-info to /home/shaqiloheal/ros2_ws/install/my_package/lib/python3.12/site-packages/my_package-0.0.0-py3.12.egg-info
[0.523s] running install_scripts
[0.580s] writing list of installed files to '/home/shaqiloheal/ros2_ws/build/my_package/install.log'
[0.594s] Invoked command in '/home/shaqiloheal/ros2_ws/src/my_package' returned '0': DEBUGINFOD_URLS=https://debuginfod.ubuntu.com PYTHONPATH=/home/shaqiloheal/ros2_ws/build/my_package/prefix_override:/usr/lib/python3/dist-packages/colcon_core/task/python/colcon_distutils_commands:/home/shaqiloheal/ros2_ws/install/my_package/lib/python3.12/site-packages:${PYTHONPATH} /usr/bin/python3 -W ignore:setup.py install is deprecated setup.py egg_info --egg-base ../../build/my_package build --build-base /home/shaqiloheal/ros2_ws/build/my_package/build install --record /home/shaqiloheal/ros2_ws/build/my_package/install.log --single-version-externally-managed install_data
