[0.549s] Invoking command in '/home/shaqiloheal/ros2_ws/src/my_package': DEBUGINFOD_URLS=https://debuginfod.ubuntu.com PYTHONPATH=/home/shaqiloheal/ros2_ws/build/my_package/prefix_override:/usr/lib/python3/dist-packages/colcon_core/task/python/colcon_distutils_commands:/home/shaqiloheal/ros2_ws/install/my_package/lib/python3.12/site-packages:${PYTHONPATH} /usr/bin/python3 -W ignore:setup.py install is deprecated setup.py egg_info --egg-base ../../build/my_package build --build-base /home/shaqiloheal/ros2_ws/build/my_package/build install --record /home/shaqiloheal/ros2_ws/build/my_package/install.log --single-version-externally-managed install_data
[0.663s] running egg_info
[0.671s] writing ../../build/my_package/my_package.egg-info/PKG-INFO
[0.671s] writing dependency_links to ../../build/my_package/my_package.egg-info/dependency_links.txt
[0.671s] writing entry points to ../../build/my_package/my_package.egg-info/entry_points.txt
[0.671s] writing requirements to ../../build/my_package/my_package.egg-info/requires.txt
[0.671s] writing top-level names to ../../build/my_package/my_package.egg-info/top_level.txt
[0.686s] reading manifest file '../../build/my_package/my_package.egg-info/SOURCES.txt'
[0.686s] adding license file 'LICENSE'
[0.686s] writing manifest file '../../build/my_package/my_package.egg-info/SOURCES.txt'
[0.686s] running build
[0.686s] running build_py
[0.687s] running install
[0.690s] running install_lib
[0.697s] running install_data
[0.697s] copying package.xml -> /home/shaqiloheal/ros2_ws/install/my_package/share/my_package
[0.698s] running install_egg_info
[0.705s] removing '/home/shaqiloheal/ros2_ws/install/my_package/lib/python3.12/site-packages/my_package-0.0.0-py3.12.egg-info' (and everything under it)
[0.706s] Copying ../../build/my_package/my_package.egg-info to /home/shaqiloheal/ros2_ws/install/my_package/lib/python3.12/site-packages/my_package-0.0.0-py3.12.egg-info
[0.706s] running install_scripts
[0.763s] Installing my_node script to /home/shaqiloheal/ros2_ws/install/my_package/lib/my_package
[0.763s] writing list of installed files to '/home/shaqiloheal/ros2_ws/build/my_package/install.log'
[0.783s] Invoked command in '/home/shaqiloheal/ros2_ws/src/my_package' returned '0': DEBUGINFOD_URLS=https://debuginfod.ubuntu.com PYTHONPATH=/home/shaqiloheal/ros2_ws/build/my_package/prefix_override:/usr/lib/python3/dist-packages/colcon_core/task/python/colcon_distutils_commands:/home/shaqiloheal/ros2_ws/install/my_package/lib/python3.12/site-packages:${PYTHONPATH} /usr/bin/python3 -W ignore:setup.py install is deprecated setup.py egg_info --egg-base ../../build/my_package build --build-base /home/shaqiloheal/ros2_ws/build/my_package/build install --record /home/shaqiloheal/ros2_ws/build/my_package/install.log --single-version-externally-managed install_data
