[0.426s] Invoking command in '/home/shaqiloheal/ros2_ws/src/hello_world': DEBUGINFOD_URLS=https://debuginfod.ubuntu.com PYTHONPATH=/home/shaqiloheal/ros2_ws/build/hello_world/prefix_override:/usr/lib/python3/dist-packages/colcon_core/task/python/colcon_distutils_commands:/home/shaqiloheal/ros2_ws/install/hello_world/lib/python3.12/site-packages:${PYTHONPATH} /usr/bin/python3 -W ignore:setup.py install is deprecated setup.py egg_info --egg-base ../../build/hello_world build --build-base /home/shaqiloheal/ros2_ws/build/hello_world/build install --record /home/shaqiloheal/ros2_ws/build/hello_world/install.log --single-version-externally-managed install_data
[0.535s] running egg_info
[0.542s] writing ../../build/hello_world/hello_world.egg-info/PKG-INFO
[0.542s] writing dependency_links to ../../build/hello_world/hello_world.egg-info/dependency_links.txt
[0.542s] writing entry points to ../../build/hello_world/hello_world.egg-info/entry_points.txt
[0.542s] writing requirements to ../../build/hello_world/hello_world.egg-info/requires.txt
[0.542s] writing top-level names to ../../build/hello_world/hello_world.egg-info/top_level.txt
[0.556s] reading manifest file '../../build/hello_world/hello_world.egg-info/SOURCES.txt'
[0.556s] adding license file 'LICENSE'
[0.556s] writing manifest file '../../build/hello_world/hello_world.egg-info/SOURCES.txt'
[0.557s] running build
[0.557s] running build_py
[0.557s] running install
[0.560s] running install_lib
[0.567s] running install_data
[0.567s] running install_egg_info
[0.575s] removing '/home/shaqiloheal/ros2_ws/install/hello_world/lib/python3.12/site-packages/hello_world-0.0.0-py3.12.egg-info' (and everything under it)
[0.575s] Copying ../../build/hello_world/hello_world.egg-info to /home/shaqiloheal/ros2_ws/install/hello_world/lib/python3.12/site-packages/hello_world-0.0.0-py3.12.egg-info
[0.575s] running install_scripts
[0.629s] Installing hello script to /home/shaqiloheal/ros2_ws/install/hello_world/lib/hello_world
[0.630s] writing list of installed files to '/home/shaqiloheal/ros2_ws/build/hello_world/install.log'
[0.644s] Invoked command in '/home/shaqiloheal/ros2_ws/src/hello_world' returned '0': DEBUGINFOD_URLS=https://debuginfod.ubuntu.com PYTHONPATH=/home/shaqiloheal/ros2_ws/build/hello_world/prefix_override:/usr/lib/python3/dist-packages/colcon_core/task/python/colcon_distutils_commands:/home/shaqiloheal/ros2_ws/install/hello_world/lib/python3.12/site-packages:${PYTHONPATH} /usr/bin/python3 -W ignore:setup.py install is deprecated setup.py egg_info --egg-base ../../build/hello_world build --build-base /home/shaqiloheal/ros2_ws/build/hello_world/build install --record /home/shaqiloheal/ros2_ws/build/hello_world/install.log --single-version-externally-managed install_data
