[0.424s] Invoking command in '/home/shaqiloheal/ros2_ws/src/talker_listener': DEBUGINFOD_URLS=https://debuginfod.ubuntu.com PYTHONPATH=/home/shaqiloheal/ros2_ws/build/talker_listener/prefix_override:/usr/lib/python3/dist-packages/colcon_core/task/python/colcon_distutils_commands:/home/shaqiloheal/ros2_ws/install/talker_listener/lib/python3.12/site-packages:${PYTHONPATH} /usr/bin/python3 -W ignore:setup.py install is deprecated setup.py egg_info --egg-base ../../build/talker_listener build --build-base /home/shaqiloheal/ros2_ws/build/talker_listener/build install --record /home/shaqiloheal/ros2_ws/build/talker_listener/install.log --single-version-externally-managed install_data
[0.531s] running egg_info
[0.537s] writing ../../build/talker_listener/talker_listener.egg-info/PKG-INFO
[0.538s] writing dependency_links to ../../build/talker_listener/talker_listener.egg-info/dependency_links.txt
[0.538s] writing entry points to ../../build/talker_listener/talker_listener.egg-info/entry_points.txt
[0.538s] writing requirements to ../../build/talker_listener/talker_listener.egg-info/requires.txt
[0.538s] writing top-level names to ../../build/talker_listener/talker_listener.egg-info/top_level.txt
[0.552s] reading manifest file '../../build/talker_listener/talker_listener.egg-info/SOURCES.txt'
[0.552s] adding license file 'LICENSE'
[0.552s] writing manifest file '../../build/talker_listener/talker_listener.egg-info/SOURCES.txt'
[0.552s] running build
[0.552s] running build_py
[0.552s] running install
[0.555s] running install_lib
[0.562s] running install_data
[0.562s] running install_egg_info
[0.570s] removing '/home/shaqiloheal/ros2_ws/install/talker_listener/lib/python3.12/site-packages/talker_listener-0.0.0-py3.12.egg-info' (and everything under it)
[0.570s] Copying ../../build/talker_listener/talker_listener.egg-info to /home/shaqiloheal/ros2_ws/install/talker_listener/lib/python3.12/site-packages/talker_listener-0.0.0-py3.12.egg-info
[0.571s] running install_scripts
[0.625s] Installing listener script to /home/shaqiloheal/ros2_ws/install/talker_listener/lib/talker_listener
[0.625s] Installing talker script to /home/shaqiloheal/ros2_ws/install/talker_listener/lib/talker_listener
[0.625s] writing list of installed files to '/home/shaqiloheal/ros2_ws/build/talker_listener/install.log'
[0.640s] Invoked command in '/home/shaqiloheal/ros2_ws/src/talker_listener' returned '0': DEBUGINFOD_URLS=https://debuginfod.ubuntu.com PYTHONPATH=/home/shaqiloheal/ros2_ws/build/talker_listener/prefix_override:/usr/lib/python3/dist-packages/colcon_core/task/python/colcon_distutils_commands:/home/shaqiloheal/ros2_ws/install/talker_listener/lib/python3.12/site-packages:${PYTHONPATH} /usr/bin/python3 -W ignore:setup.py install is deprecated setup.py egg_info --egg-base ../../build/talker_listener build --build-base /home/shaqiloheal/ros2_ws/build/talker_listener/build install --record /home/shaqiloheal/ros2_ws/build/talker_listener/install.log --single-version-externally-managed install_data
