[0.414s] Invoking command in '/home/shaqiloheal/ros2_ws/src/hello_world': DEBUGINFOD_URLS=https://debuginfod.ubuntu.com PYTHONPATH=/home/shaqiloheal/ros2_ws/build/hello_world/prefix_override:/usr/lib/python3/dist-packages/colcon_core/task/python/colcon_distutils_commands:/home/shaqiloheal/ros2_ws/install/hello_world/lib/python3.12/site-packages:${PYTHONPATH} /usr/bin/python3 -W ignore:setup.py install is deprecated setup.py egg_info --egg-base ../../build/hello_world build --build-base /home/shaqiloheal/ros2_ws/build/hello_world/build install --record /home/shaqiloheal/ros2_ws/build/hello_world/install.log --single-version-externally-managed install_data
[0.524s] running egg_info
[0.524s] creating ../../build/hello_world/hello_world.egg-info
[0.531s] writing ../../build/hello_world/hello_world.egg-info/PKG-INFO
[0.531s] writing dependency_links to ../../build/hello_world/hello_world.egg-info/dependency_links.txt
[0.531s] writing entry points to ../../build/hello_world/hello_world.egg-info/entry_points.txt
[0.531s] writing requirements to ../../build/hello_world/hello_world.egg-info/requires.txt
[0.531s] writing top-level names to ../../build/hello_world/hello_world.egg-info/top_level.txt
[0.531s] writing manifest file '../../build/hello_world/hello_world.egg-info/SOURCES.txt'
[0.545s] reading manifest file '../../build/hello_world/hello_world.egg-info/SOURCES.txt'
[0.545s] adding license file 'LICENSE'
[0.545s] writing manifest file '../../build/hello_world/hello_world.egg-info/SOURCES.txt'
[0.545s] running build
[0.545s] running build_py
[0.545s] creating /home/shaqiloheal/ros2_ws/build/hello_world/build
[0.545s] creating /home/shaqiloheal/ros2_ws/build/hello_world/build/lib
[0.545s] creating /home/shaqiloheal/ros2_ws/build/hello_world/build/lib/hello_world
[0.545s] copying hello_world/hello.py -> /home/shaqiloheal/ros2_ws/build/hello_world/build/lib/hello_world
[0.545s] copying hello_world/__init__.py -> /home/shaqiloheal/ros2_ws/build/hello_world/build/lib/hello_world
[0.545s] running install
[0.548s] running install_lib
[0.556s] creating /home/shaqiloheal/ros2_ws/install/hello_world/lib/python3.12/site-packages/hello_world
[0.556s] copying /home/shaqiloheal/ros2_ws/build/hello_world/build/lib/hello_world/hello.py -> /home/shaqiloheal/ros2_ws/install/hello_world/lib/python3.12/site-packages/hello_world
[0.556s] copying /home/shaqiloheal/ros2_ws/build/hello_world/build/lib/hello_world/__init__.py -> /home/shaqiloheal/ros2_ws/install/hello_world/lib/python3.12/site-packages/hello_world
[0.556s] byte-compiling /home/shaqiloheal/ros2_ws/install/hello_world/lib/python3.12/site-packages/hello_world/hello.py to hello.cpython-312.pyc
[0.556s] byte-compiling /home/shaqiloheal/ros2_ws/install/hello_world/lib/python3.12/site-packages/hello_world/__init__.py to __init__.cpython-312.pyc
[0.556s] running install_data
[0.556s] creating /home/shaqiloheal/ros2_ws/install/hello_world/share/ament_index
[0.556s] creating /home/shaqiloheal/ros2_ws/install/hello_world/share/ament_index/resource_index
[0.556s] creating /home/shaqiloheal/ros2_ws/install/hello_world/share/ament_index/resource_index/packages
[0.556s] copying resource/hello_world -> /home/shaqiloheal/ros2_ws/install/hello_world/share/ament_index/resource_index/packages
[0.556s] copying package.xml -> /home/shaqiloheal/ros2_ws/install/hello_world/share/hello_world
[0.556s] running install_egg_info
[0.564s] Copying ../../build/hello_world/hello_world.egg-info to /home/shaqiloheal/ros2_ws/install/hello_world/lib/python3.12/site-packages/hello_world-0.0.0-py3.12.egg-info
[0.564s] running install_scripts
[0.617s] Installing hello script to /home/shaqiloheal/ros2_ws/install/hello_world/lib/hello_world
[0.617s] writing list of installed files to '/home/shaqiloheal/ros2_ws/build/hello_world/install.log'
[0.628s] Invoked command in '/home/shaqiloheal/ros2_ws/src/hello_world' returned '0': DEBUGINFOD_URLS=https://debuginfod.ubuntu.com PYTHONPATH=/home/shaqiloheal/ros2_ws/build/hello_world/prefix_override:/usr/lib/python3/dist-packages/colcon_core/task/python/colcon_distutils_commands:/home/shaqiloheal/ros2_ws/install/hello_world/lib/python3.12/site-packages:${PYTHONPATH} /usr/bin/python3 -W ignore:setup.py install is deprecated setup.py egg_info --egg-base ../../build/hello_world build --build-base /home/shaqiloheal/ros2_ws/build/hello_world/build install --record /home/shaqiloheal/ros2_ws/build/hello_world/install.log --single-version-externally-managed install_data
