[0.065s] DEBUG:colcon:Command line arguments: ['/usr/bin/colcon', 'build']
[0.065s] DEBUG:colcon:Parsed command line arguments: Namespace(log_base=None, log_level=None, verb_name='build', build_base='build', install_base='install', merge_install=False, symlink_install=False, test_result_base=None, continue_on_error=False, executor='parallel', parallel_workers=16, event_handlers=None, ignore_user_meta=False, metas=['./colcon.meta'], base_paths=['.'], packages_ignore=None, packages_ignore_regex=None, paths=None, packages_up_to=None, packages_up_to_regex=None, packages_above=None, packages_above_and_dependencies=None, packages_above_depth=None, packages_select_by_dep=None, packages_skip_by_dep=None, packages_skip_up_to=None, packages_select_build_failed=False, packages_skip_build_finished=False, packages_select_test_failures=False, packages_skip_test_passed=False, packages_select=None, packages_skip=None, packages_select_regex=None, packages_skip_regex=None, packages_start=None, packages_end=None, allow_overriding=[], cmake_args=None, cmake_target=None, cmake_target_skip_unavailable=False, cmake_clean_cache=False, cmake_clean_first=False, cmake_force_configure=False, ament_cmake_args=None, catkin_cmake_args=None, catkin_skip_building_tests=False, verb_parser=<colcon_defaults.argument_parser.defaults.DefaultArgumentsDecorator object at 0x7fd94f3f6090>, verb_extension=<colcon_core.verb.build.BuildVerb object at 0x7fd94f21a060>, main=<bound method BuildVerb.main of <colcon_core.verb.build.BuildVerb object at 0x7fd94f21a060>>)
[0.083s] Level 1:colcon.colcon_core.package_discovery:discover_packages(colcon_meta) check parameters
[0.083s] Level 1:colcon.colcon_core.package_discovery:discover_packages(recursive) check parameters
[0.083s] Level 1:colcon.colcon_core.package_discovery:discover_packages(ignore) check parameters
[0.083s] Level 1:colcon.colcon_core.package_discovery:discover_packages(path) check parameters
[0.083s] Level 1:colcon.colcon_core.package_discovery:discover_packages(colcon_meta) discover
[0.083s] Level 1:colcon.colcon_core.package_discovery:discover_packages(recursive) discover
[0.083s] INFO:colcon.colcon_core.package_discovery:Crawling recursively for packages in '/home/shaqiloheal/ros2_ws'
[0.083s] Level 1:colcon.colcon_core.package_identification:_identify(.) by extensions ['ignore', 'ignore_ament_install']
[0.083s] Level 1:colcon.colcon_core.package_identification:_identify(.) by extension 'ignore'
[0.083s] Level 1:colcon.colcon_core.package_identification:_identify(.) by extension 'ignore_ament_install'
[0.084s] Level 1:colcon.colcon_core.package_identification:_identify(.) by extensions ['colcon_pkg']
[0.084s] Level 1:colcon.colcon_core.package_identification:_identify(.) by extension 'colcon_pkg'
[0.084s] Level 1:colcon.colcon_core.package_identification:_identify(.) by extensions ['colcon_meta']
[0.084s] Level 1:colcon.colcon_core.package_identification:_identify(.) by extension 'colcon_meta'
[0.084s] Level 1:colcon.colcon_core.package_identification:_identify(.) by extensions ['ros']
[0.084s] Level 1:colcon.colcon_core.package_identification:_identify(.) by extension 'ros'
[0.095s] Level 1:colcon.colcon_core.package_identification:_identify(.) by extensions ['cmake', 'python']
[0.095s] Level 1:colcon.colcon_core.package_identification:_identify(.) by extension 'cmake'
[0.095s] Level 1:colcon.colcon_core.package_identification:_identify(.) by extension 'python'
[0.095s] Level 1:colcon.colcon_core.package_identification:_identify(.) by extensions ['python_setup_py']
[0.095s] Level 1:colcon.colcon_core.package_identification:_identify(.) by extension 'python_setup_py'
[0.095s] Level 1:colcon.colcon_core.package_identification:_identify(build) by extensions ['ignore', 'ignore_ament_install']
[0.095s] Level 1:colcon.colcon_core.package_identification:_identify(build) by extension 'ignore'
[0.096s] Level 1:colcon.colcon_core.package_identification:_identify(build) ignored
[0.096s] Level 1:colcon.colcon_core.package_identification:_identify(install) by extensions ['ignore', 'ignore_ament_install']
[0.096s] Level 1:colcon.colcon_core.package_identification:_identify(install) by extension 'ignore'
[0.096s] Level 1:colcon.colcon_core.package_identification:_identify(install) ignored
[0.096s] Level 1:colcon.colcon_core.package_identification:_identify(launch) by extensions ['ignore', 'ignore_ament_install']
[0.096s] Level 1:colcon.colcon_core.package_identification:_identify(launch) by extension 'ignore'
[0.096s] Level 1:colcon.colcon_core.package_identification:_identify(launch) by extension 'ignore_ament_install'
[0.096s] Level 1:colcon.colcon_core.package_identification:_identify(launch) by extensions ['colcon_pkg']
[0.096s] Level 1:colcon.colcon_core.package_identification:_identify(launch) by extension 'colcon_pkg'
[0.096s] Level 1:colcon.colcon_core.package_identification:_identify(launch) by extensions ['colcon_meta']
[0.096s] Level 1:colcon.colcon_core.package_identification:_identify(launch) by extension 'colcon_meta'
[0.096s] Level 1:colcon.colcon_core.package_identification:_identify(launch) by extensions ['ros']
[0.096s] Level 1:colcon.colcon_core.package_identification:_identify(launch) by extension 'ros'
[0.096s] Level 1:colcon.colcon_core.package_identification:_identify(launch) by extensions ['cmake', 'python']
[0.096s] Level 1:colcon.colcon_core.package_identification:_identify(launch) by extension 'cmake'
[0.096s] Level 1:colcon.colcon_core.package_identification:_identify(launch) by extension 'python'
[0.096s] Level 1:colcon.colcon_core.package_identification:_identify(launch) by extensions ['python_setup_py']
[0.096s] Level 1:colcon.colcon_core.package_identification:_identify(launch) by extension 'python_setup_py'
[0.096s] Level 1:colcon.colcon_core.package_identification:_identify(launch/__pycache__) by extensions ['ignore', 'ignore_ament_install']
[0.096s] Level 1:colcon.colcon_core.package_identification:_identify(launch/__pycache__) by extension 'ignore'
[0.096s] Level 1:colcon.colcon_core.package_identification:_identify(launch/__pycache__) by extension 'ignore_ament_install'
[0.096s] Level 1:colcon.colcon_core.package_identification:_identify(launch/__pycache__) by extensions ['colcon_pkg']
[0.096s] Level 1:colcon.colcon_core.package_identification:_identify(launch/__pycache__) by extension 'colcon_pkg'
[0.096s] Level 1:colcon.colcon_core.package_identification:_identify(launch/__pycache__) by extensions ['colcon_meta']
[0.096s] Level 1:colcon.colcon_core.package_identification:_identify(launch/__pycache__) by extension 'colcon_meta'
[0.096s] Level 1:colcon.colcon_core.package_identification:_identify(launch/__pycache__) by extensions ['ros']
[0.096s] Level 1:colcon.colcon_core.package_identification:_identify(launch/__pycache__) by extension 'ros'
[0.096s] Level 1:colcon.colcon_core.package_identification:_identify(launch/__pycache__) by extensions ['cmake', 'python']
[0.096s] Level 1:colcon.colcon_core.package_identification:_identify(launch/__pycache__) by extension 'cmake'
[0.096s] Level 1:colcon.colcon_core.package_identification:_identify(launch/__pycache__) by extension 'python'
[0.096s] Level 1:colcon.colcon_core.package_identification:_identify(launch/__pycache__) by extensions ['python_setup_py']
[0.096s] Level 1:colcon.colcon_core.package_identification:_identify(launch/__pycache__) by extension 'python_setup_py'
[0.096s] Level 1:colcon.colcon_core.package_identification:_identify(log) by extensions ['ignore', 'ignore_ament_install']
[0.096s] Level 1:colcon.colcon_core.package_identification:_identify(log) by extension 'ignore'
[0.096s] Level 1:colcon.colcon_core.package_identification:_identify(log) ignored
[0.096s] Level 1:colcon.colcon_core.package_identification:_identify(src) by extensions ['ignore', 'ignore_ament_install']
[0.096s] Level 1:colcon.colcon_core.package_identification:_identify(src) by extension 'ignore'
[0.097s] Level 1:colcon.colcon_core.package_identification:_identify(src) by extension 'ignore_ament_install'
[0.097s] Level 1:colcon.colcon_core.package_identification:_identify(src) by extensions ['colcon_pkg']
[0.097s] Level 1:colcon.colcon_core.package_identification:_identify(src) by extension 'colcon_pkg'
[0.097s] Level 1:colcon.colcon_core.package_identification:_identify(src) by extensions ['colcon_meta']
[0.097s] Level 1:colcon.colcon_core.package_identification:_identify(src) by extension 'colcon_meta'
[0.097s] Level 1:colcon.colcon_core.package_identification:_identify(src) by extensions ['ros']
[0.097s] Level 1:colcon.colcon_core.package_identification:_identify(src) by extension 'ros'
[0.097s] Level 1:colcon.colcon_core.package_identification:_identify(src) by extensions ['cmake', 'python']
[0.097s] Level 1:colcon.colcon_core.package_identification:_identify(src) by extension 'cmake'
[0.097s] Level 1:colcon.colcon_core.package_identification:_identify(src) by extension 'python'
[0.097s] Level 1:colcon.colcon_core.package_identification:_identify(src) by extensions ['python_setup_py']
[0.097s] Level 1:colcon.colcon_core.package_identification:_identify(src) by extension 'python_setup_py'
[0.097s] Level 1:colcon.colcon_core.package_identification:_identify(src/hello_world) by extensions ['ignore', 'ignore_ament_install']
[0.097s] Level 1:colcon.colcon_core.package_identification:_identify(src/hello_world) by extension 'ignore'
[0.097s] Level 1:colcon.colcon_core.package_identification:_identify(src/hello_world) by extension 'ignore_ament_install'
[0.097s] Level 1:colcon.colcon_core.package_identification:_identify(src/hello_world) by extensions ['colcon_pkg']
[0.097s] Level 1:colcon.colcon_core.package_identification:_identify(src/hello_world) by extension 'colcon_pkg'
[0.097s] Level 1:colcon.colcon_core.package_identification:_identify(src/hello_world) by extensions ['colcon_meta']
[0.097s] Level 1:colcon.colcon_core.package_identification:_identify(src/hello_world) by extension 'colcon_meta'
[0.097s] Level 1:colcon.colcon_core.package_identification:_identify(src/hello_world) by extensions ['ros']
[0.097s] Level 1:colcon.colcon_core.package_identification:_identify(src/hello_world) by extension 'ros'
[0.099s] DEBUG:colcon.colcon_core.package_identification:Package 'src/hello_world' with type 'ros.ament_python' and name 'hello_world'
[0.099s] Level 1:colcon.colcon_core.package_identification:_identify(src/talker_listener) by extensions ['ignore', 'ignore_ament_install']
[0.099s] Level 1:colcon.colcon_core.package_identification:_identify(src/talker_listener) by extension 'ignore'
[0.099s] Level 1:colcon.colcon_core.package_identification:_identify(src/talker_listener) by extension 'ignore_ament_install'
[0.099s] Level 1:colcon.colcon_core.package_identification:_identify(src/talker_listener) by extensions ['colcon_pkg']
[0.099s] Level 1:colcon.colcon_core.package_identification:_identify(src/talker_listener) by extension 'colcon_pkg'
[0.099s] Level 1:colcon.colcon_core.package_identification:_identify(src/talker_listener) by extensions ['colcon_meta']
[0.099s] Level 1:colcon.colcon_core.package_identification:_identify(src/talker_listener) by extension 'colcon_meta'
[0.099s] Level 1:colcon.colcon_core.package_identification:_identify(src/talker_listener) by extensions ['ros']
[0.099s] Level 1:colcon.colcon_core.package_identification:_identify(src/talker_listener) by extension 'ros'
[0.099s] DEBUG:colcon.colcon_core.package_identification:Package 'src/talker_listener' with type 'ros.ament_python' and name 'talker_listener'
[0.099s] Level 1:colcon.colcon_core.package_identification:_identify(src/turtlesim_mimic_launch) by extensions ['ignore', 'ignore_ament_install']
[0.100s] Level 1:colcon.colcon_core.package_identification:_identify(src/turtlesim_mimic_launch) by extension 'ignore'
[0.100s] Level 1:colcon.colcon_core.package_identification:_identify(src/turtlesim_mimic_launch) by extension 'ignore_ament_install'
[0.100s] Level 1:colcon.colcon_core.package_identification:_identify(src/turtlesim_mimic_launch) by extensions ['colcon_pkg']
[0.100s] Level 1:colcon.colcon_core.package_identification:_identify(src/turtlesim_mimic_launch) by extension 'colcon_pkg'
[0.100s] Level 1:colcon.colcon_core.package_identification:_identify(src/turtlesim_mimic_launch) by extensions ['colcon_meta']
[0.100s] Level 1:colcon.colcon_core.package_identification:_identify(src/turtlesim_mimic_launch) by extension 'colcon_meta'
[0.100s] Level 1:colcon.colcon_core.package_identification:_identify(src/turtlesim_mimic_launch) by extensions ['ros']
[0.100s] Level 1:colcon.colcon_core.package_identification:_identify(src/turtlesim_mimic_launch) by extension 'ros'
[0.100s] DEBUG:colcon.colcon_core.package_identification:Found ROS schema reference in package manifest in 'src/turtlesim_mimic_launch'
[0.100s] WARNING:colcon.colcon_core.package_identification:Failed to parse ROS package manifest in 'src/turtlesim_mimic_launch': Error(s) in package 'src/turtlesim_mimic_launch/package.xml':
Package name "turtlesim_mimic_launch.py" does not follow naming conventions
[0.100s] Level 1:colcon.colcon_core.package_identification:_identify(src/turtlesim_mimic_launch) by extensions ['cmake', 'python']
[0.100s] Level 1:colcon.colcon_core.package_identification:_identify(src/turtlesim_mimic_launch) by extension 'cmake'
[0.100s] Level 1:colcon.colcon_core.package_identification:_identify(src/turtlesim_mimic_launch) by extension 'python'
[0.100s] DEBUG:colcon.colcon_core.package_identification:Python package in 'src/turtlesim_mimic_launch' passes arguments to the setup() function which requires a different identification extension than 'python'
[0.100s] Level 1:colcon.colcon_core.package_identification:_identify(src/turtlesim_mimic_launch) by extensions ['python_setup_py']
[0.100s] Level 1:colcon.colcon_core.package_identification:_identify(src/turtlesim_mimic_launch) by extension 'python_setup_py'
[0.192s] DEBUG:colcon.colcon_core.package_identification:Package 'src/turtlesim_mimic_launch' with type 'python' and name 'turtlesim_mimic_launch.py'
[0.192s] Level 1:colcon.colcon_core.package_discovery:discover_packages(recursive) using defaults
[0.192s] Level 1:colcon.colcon_core.package_discovery:discover_packages(ignore) discover
[0.192s] Level 1:colcon.colcon_core.package_discovery:discover_packages(ignore) using defaults
[0.192s] Level 1:colcon.colcon_core.package_discovery:discover_packages(path) discover
[0.192s] Level 1:colcon.colcon_core.package_discovery:discover_packages(path) using defaults
[0.203s] Level 1:colcon.colcon_core.package_discovery:discover_packages(prefix_path) check parameters
[0.203s] Level 1:colcon.colcon_core.package_discovery:discover_packages(prefix_path) discover
[0.205s] DEBUG:colcon.colcon_installed_package_information.package_discovery:Found 2 installed packages in /home/shaqiloheal/ros2_ws/install
[0.206s] DEBUG:colcon.colcon_installed_package_information.package_discovery:Found 337 installed packages in /opt/ros/jazzy
[0.206s] Level 1:colcon.colcon_core.package_discovery:discover_packages(prefix_path) using defaults
[0.228s] Level 5:colcon.colcon_core.verb:set package 'hello_world' build argument 'cmake_args' from command line to 'None'
[0.228s] Level 5:colcon.colcon_core.verb:set package 'hello_world' build argument 'cmake_target' from command line to 'None'
[0.228s] Level 5:colcon.colcon_core.verb:set package 'hello_world' build argument 'cmake_target_skip_unavailable' from command line to 'False'
[0.228s] Level 5:colcon.colcon_core.verb:set package 'hello_world' build argument 'cmake_clean_cache' from command line to 'False'
[0.228s] Level 5:colcon.colcon_core.verb:set package 'hello_world' build argument 'cmake_clean_first' from command line to 'False'
[0.228s] Level 5:colcon.colcon_core.verb:set package 'hello_world' build argument 'cmake_force_configure' from command line to 'False'
[0.228s] Level 5:colcon.colcon_core.verb:set package 'hello_world' build argument 'ament_cmake_args' from command line to 'None'
[0.228s] Level 5:colcon.colcon_core.verb:set package 'hello_world' build argument 'catkin_cmake_args' from command line to 'None'
[0.228s] Level 5:colcon.colcon_core.verb:set package 'hello_world' build argument 'catkin_skip_building_tests' from command line to 'False'
[0.228s] DEBUG:colcon.colcon_core.verb:Building package 'hello_world' with the following arguments: {'ament_cmake_args': None, 'build_base': '/home/shaqiloheal/ros2_ws/build/hello_world', 'catkin_cmake_args': None, 'catkin_skip_building_tests': False, 'cmake_args': None, 'cmake_clean_cache': False, 'cmake_clean_first': False, 'cmake_force_configure': False, 'cmake_target': None, 'cmake_target_skip_unavailable': False, 'install_base': '/home/shaqiloheal/ros2_ws/install/hello_world', 'merge_install': False, 'path': '/home/shaqiloheal/ros2_ws/src/hello_world', 'symlink_install': False, 'test_result_base': None}
[0.228s] Level 5:colcon.colcon_core.verb:set package 'talker_listener' build argument 'cmake_args' from command line to 'None'
[0.228s] Level 5:colcon.colcon_core.verb:set package 'talker_listener' build argument 'cmake_target' from command line to 'None'
[0.228s] Level 5:colcon.colcon_core.verb:set package 'talker_listener' build argument 'cmake_target_skip_unavailable' from command line to 'False'
[0.228s] Level 5:colcon.colcon_core.verb:set package 'talker_listener' build argument 'cmake_clean_cache' from command line to 'False'
[0.228s] Level 5:colcon.colcon_core.verb:set package 'talker_listener' build argument 'cmake_clean_first' from command line to 'False'
[0.228s] Level 5:colcon.colcon_core.verb:set package 'talker_listener' build argument 'cmake_force_configure' from command line to 'False'
[0.228s] Level 5:colcon.colcon_core.verb:set package 'talker_listener' build argument 'ament_cmake_args' from command line to 'None'
[0.228s] Level 5:colcon.colcon_core.verb:set package 'talker_listener' build argument 'catkin_cmake_args' from command line to 'None'
[0.228s] Level 5:colcon.colcon_core.verb:set package 'talker_listener' build argument 'catkin_skip_building_tests' from command line to 'False'
[0.228s] DEBUG:colcon.colcon_core.verb:Building package 'talker_listener' with the following arguments: {'ament_cmake_args': None, 'build_base': '/home/shaqiloheal/ros2_ws/build/talker_listener', 'catkin_cmake_args': None, 'catkin_skip_building_tests': False, 'cmake_args': None, 'cmake_clean_cache': False, 'cmake_clean_first': False, 'cmake_force_configure': False, 'cmake_target': None, 'cmake_target_skip_unavailable': False, 'install_base': '/home/shaqiloheal/ros2_ws/install/talker_listener', 'merge_install': False, 'path': '/home/shaqiloheal/ros2_ws/src/talker_listener', 'symlink_install': False, 'test_result_base': None}
[0.228s] Level 5:colcon.colcon_core.verb:set package 'turtlesim_mimic_launch.py' build argument 'cmake_args' from command line to 'None'
[0.228s] Level 5:colcon.colcon_core.verb:set package 'turtlesim_mimic_launch.py' build argument 'cmake_target' from command line to 'None'
[0.228s] Level 5:colcon.colcon_core.verb:set package 'turtlesim_mimic_launch.py' build argument 'cmake_target_skip_unavailable' from command line to 'False'
[0.228s] Level 5:colcon.colcon_core.verb:set package 'turtlesim_mimic_launch.py' build argument 'cmake_clean_cache' from command line to 'False'
[0.228s] Level 5:colcon.colcon_core.verb:set package 'turtlesim_mimic_launch.py' build argument 'cmake_clean_first' from command line to 'False'
[0.228s] Level 5:colcon.colcon_core.verb:set package 'turtlesim_mimic_launch.py' build argument 'cmake_force_configure' from command line to 'False'
[0.228s] Level 5:colcon.colcon_core.verb:set package 'turtlesim_mimic_launch.py' build argument 'ament_cmake_args' from command line to 'None'
[0.228s] Level 5:colcon.colcon_core.verb:set package 'turtlesim_mimic_launch.py' build argument 'catkin_cmake_args' from command line to 'None'
[0.228s] Level 5:colcon.colcon_core.verb:set package 'turtlesim_mimic_launch.py' build argument 'catkin_skip_building_tests' from command line to 'False'
[0.228s] DEBUG:colcon.colcon_core.verb:Building package 'turtlesim_mimic_launch.py' with the following arguments: {'ament_cmake_args': None, 'build_base': '/home/shaqiloheal/ros2_ws/build/turtlesim_mimic_launch.py', 'catkin_cmake_args': None, 'catkin_skip_building_tests': False, 'cmake_args': None, 'cmake_clean_cache': False, 'cmake_clean_first': False, 'cmake_force_configure': False, 'cmake_target': None, 'cmake_target_skip_unavailable': False, 'install_base': '/home/shaqiloheal/ros2_ws/install/turtlesim_mimic_launch.py', 'merge_install': False, 'path': '/home/shaqiloheal/ros2_ws/src/turtlesim_mimic_launch', 'symlink_install': False, 'test_result_base': None}
[0.228s] INFO:colcon.colcon_core.executor:Executing jobs using 'parallel' executor
[0.229s] DEBUG:colcon.colcon_parallel_executor.executor.parallel:run_until_complete
[0.229s] INFO:colcon.colcon_ros.task.ament_python.build:Building ROS package in '/home/shaqiloheal/ros2_ws/src/hello_world' with build type 'ament_python'
[0.229s] Level 1:colcon.colcon_core.shell:create_environment_hook('hello_world', 'ament_prefix_path')
[0.231s] INFO:colcon.colcon_core.plugin_system:Skipping extension 'colcon_core.shell.bat': Not used on non-Windows systems
[0.231s] INFO:colcon.colcon_core.shell:Creating environment hook '/home/shaqiloheal/ros2_ws/install/hello_world/share/hello_world/hook/ament_prefix_path.ps1'
[0.231s] INFO:colcon.colcon_core.shell:Creating environment descriptor '/home/shaqiloheal/ros2_ws/install/hello_world/share/hello_world/hook/ament_prefix_path.dsv'
[0.231s] INFO:colcon.colcon_core.shell:Creating environment hook '/home/shaqiloheal/ros2_ws/install/hello_world/share/hello_world/hook/ament_prefix_path.sh'
[0.232s] INFO:colcon.colcon_core.shell:Skip shell extension 'powershell' for command environment: Not usable outside of PowerShell
[0.232s] DEBUG:colcon.colcon_core.shell:Skip shell extension 'dsv' for command environment
[0.234s] INFO:colcon.colcon_ros.task.ament_python.build:Building ROS package in '/home/shaqiloheal/ros2_ws/src/talker_listener' with build type 'ament_python'
[0.234s] Level 1:colcon.colcon_core.shell:create_environment_hook('talker_listener', 'ament_prefix_path')
[0.234s] INFO:colcon.colcon_core.shell:Creating environment hook '/home/shaqiloheal/ros2_ws/install/talker_listener/share/talker_listener/hook/ament_prefix_path.ps1'
[0.234s] INFO:colcon.colcon_core.shell:Creating environment descriptor '/home/shaqiloheal/ros2_ws/install/talker_listener/share/talker_listener/hook/ament_prefix_path.dsv'
[0.234s] INFO:colcon.colcon_core.shell:Creating environment hook '/home/shaqiloheal/ros2_ws/install/talker_listener/share/talker_listener/hook/ament_prefix_path.sh'
[0.235s] INFO:colcon.colcon_core.shell:Skip shell extension 'powershell' for command environment: Not usable outside of PowerShell
[0.235s] DEBUG:colcon.colcon_core.shell:Skip shell extension 'dsv' for command environment
[0.236s] INFO:colcon.colcon_core.task.python.build:Building Python package in '/home/shaqiloheal/ros2_ws/src/turtlesim_mimic_launch'
[0.236s] INFO:colcon.colcon_core.shell:Skip shell extension 'powershell' for command environment: Not usable outside of PowerShell
[0.236s] DEBUG:colcon.colcon_core.shell:Skip shell extension 'dsv' for command environment
[0.331s] INFO:colcon.colcon_core.task.python.build:Building Python package in '/home/shaqiloheal/ros2_ws/src/hello_world'
[0.331s] INFO:colcon.colcon_core.shell:Skip shell extension 'powershell' for command environment: Not usable outside of PowerShell
[0.331s] DEBUG:colcon.colcon_core.shell:Skip shell extension 'dsv' for command environment
[0.425s] INFO:colcon.colcon_core.task.python.build:Building Python package in '/home/shaqiloheal/ros2_ws/src/talker_listener'
[0.425s] INFO:colcon.colcon_core.shell:Skip shell extension 'powershell' for command environment: Not usable outside of PowerShell
[0.425s] DEBUG:colcon.colcon_core.shell:Skip shell extension 'dsv' for command environment
[0.860s] DEBUG:colcon.colcon_core.event_handler.log_command:Invoking command in '/home/shaqiloheal/ros2_ws/src/talker_listener': DEBUGINFOD_URLS=https://debuginfod.ubuntu.com PYTHONPATH=/home/shaqiloheal/ros2_ws/build/talker_listener/prefix_override:/usr/lib/python3/dist-packages/colcon_core/task/python/colcon_distutils_commands:/home/shaqiloheal/ros2_ws/install/talker_listener/lib/python3.12/site-packages:${PYTHONPATH} /usr/bin/python3 -W ignore:setup.py install is deprecated setup.py egg_info --egg-base ../../build/talker_listener build --build-base /home/shaqiloheal/ros2_ws/build/talker_listener/build install --record /home/shaqiloheal/ros2_ws/build/talker_listener/install.log --single-version-externally-managed install_data
[0.862s] DEBUG:colcon.colcon_core.event_handler.log_command:Invoking command in '/home/shaqiloheal/ros2_ws/src/hello_world': DEBUGINFOD_URLS=https://debuginfod.ubuntu.com PYTHONPATH=/home/shaqiloheal/ros2_ws/build/hello_world/prefix_override:/usr/lib/python3/dist-packages/colcon_core/task/python/colcon_distutils_commands:/home/shaqiloheal/ros2_ws/install/hello_world/lib/python3.12/site-packages:${PYTHONPATH} /usr/bin/python3 -W ignore:setup.py install is deprecated setup.py egg_info --egg-base ../../build/hello_world build --build-base /home/shaqiloheal/ros2_ws/build/hello_world/build install --record /home/shaqiloheal/ros2_ws/build/hello_world/install.log --single-version-externally-managed install_data
[0.863s] DEBUG:colcon.colcon_core.event_handler.log_command:Invoking command in '/home/shaqiloheal/ros2_ws/src/turtlesim_mimic_launch': DEBUGINFOD_URLS=https://debuginfod.ubuntu.com PYTHONPATH=/home/shaqiloheal/ros2_ws/build/turtlesim_mimic_launch.py/prefix_override:/usr/lib/python3/dist-packages/colcon_core/task/python/colcon_distutils_commands:/home/shaqiloheal/ros2_ws/install/turtlesim_mimic_launch.py/lib/python3.12/site-packages:${PYTHONPATH} /usr/bin/python3 -W ignore:setup.py install is deprecated setup.py egg_info --egg-base ../../build/turtlesim_mimic_launch.py build --build-base /home/shaqiloheal/ros2_ws/build/turtlesim_mimic_launch.py/build install --record /home/shaqiloheal/ros2_ws/build/turtlesim_mimic_launch.py/install.log --single-version-externally-managed install_data
[1.080s] DEBUG:colcon.colcon_core.event_handler.log_command:Invoked command in '/home/shaqiloheal/ros2_ws/src/turtlesim_mimic_launch' returned '0': DEBUGINFOD_URLS=https://debuginfod.ubuntu.com PYTHONPATH=/home/shaqiloheal/ros2_ws/build/turtlesim_mimic_launch.py/prefix_override:/usr/lib/python3/dist-packages/colcon_core/task/python/colcon_distutils_commands:/home/shaqiloheal/ros2_ws/install/turtlesim_mimic_launch.py/lib/python3.12/site-packages:${PYTHONPATH} /usr/bin/python3 -W ignore:setup.py install is deprecated setup.py egg_info --egg-base ../../build/turtlesim_mimic_launch.py build --build-base /home/shaqiloheal/ros2_ws/build/turtlesim_mimic_launch.py/build install --record /home/shaqiloheal/ros2_ws/build/turtlesim_mimic_launch.py/install.log --single-version-externally-managed install_data
[1.083s] Level 1:colcon.colcon_core.environment:checking '/home/shaqiloheal/ros2_ws/install/turtlesim_mimic_launch.py' for CMake module files
[1.083s] Level 1:colcon.colcon_core.environment:checking '/home/shaqiloheal/ros2_ws/install/turtlesim_mimic_launch.py' for CMake config files
[1.083s] Level 1:colcon.colcon_core.environment:checking '/home/shaqiloheal/ros2_ws/install/turtlesim_mimic_launch.py/lib'
[1.083s] Level 1:colcon.colcon_core.environment:checking '/home/shaqiloheal/ros2_ws/install/turtlesim_mimic_launch.py/bin'
[1.083s] Level 1:colcon.colcon_core.environment:checking '/home/shaqiloheal/ros2_ws/install/turtlesim_mimic_launch.py/lib/pkgconfig/turtlesim_mimic_launch.py.pc'
[1.083s] Level 1:colcon.colcon_core.environment:checking '/home/shaqiloheal/ros2_ws/install/turtlesim_mimic_launch.py/lib/python3.12/site-packages'
[1.084s] Level 1:colcon.colcon_core.shell:create_environment_hook('turtlesim_mimic_launch.py', 'pythonpath')
[1.084s] INFO:colcon.colcon_core.shell:Creating environment hook '/home/shaqiloheal/ros2_ws/install/turtlesim_mimic_launch.py/share/turtlesim_mimic_launch.py/hook/pythonpath.ps1'
[1.084s] INFO:colcon.colcon_core.shell:Creating environment descriptor '/home/shaqiloheal/ros2_ws/install/turtlesim_mimic_launch.py/share/turtlesim_mimic_launch.py/hook/pythonpath.dsv'
[1.084s] INFO:colcon.colcon_core.shell:Creating environment hook '/home/shaqiloheal/ros2_ws/install/turtlesim_mimic_launch.py/share/turtlesim_mimic_launch.py/hook/pythonpath.sh'
[1.084s] Level 1:colcon.colcon_core.environment:checking '/home/shaqiloheal/ros2_ws/install/turtlesim_mimic_launch.py/bin'
[1.084s] Level 1:colcon.colcon_core.environment:create_environment_scripts_only(turtlesim_mimic_launch.py)
[1.084s] INFO:colcon.colcon_core.shell:Creating package script '/home/shaqiloheal/ros2_ws/install/turtlesim_mimic_launch.py/share/turtlesim_mimic_launch.py/package.ps1'
[1.085s] INFO:colcon.colcon_core.shell:Creating package descriptor '/home/shaqiloheal/ros2_ws/install/turtlesim_mimic_launch.py/share/turtlesim_mimic_launch.py/package.dsv'
[1.085s] INFO:colcon.colcon_core.shell:Creating package script '/home/shaqiloheal/ros2_ws/install/turtlesim_mimic_launch.py/share/turtlesim_mimic_launch.py/package.sh'
[1.086s] INFO:colcon.colcon_core.shell:Creating package script '/home/shaqiloheal/ros2_ws/install/turtlesim_mimic_launch.py/share/turtlesim_mimic_launch.py/package.bash'
[1.086s] INFO:colcon.colcon_core.shell:Creating package script '/home/shaqiloheal/ros2_ws/install/turtlesim_mimic_launch.py/share/turtlesim_mimic_launch.py/package.zsh'
[1.086s] Level 1:colcon.colcon_core.environment:create_file_with_runtime_dependencies(/home/shaqiloheal/ros2_ws/install/turtlesim_mimic_launch.py/share/colcon-core/packages/turtlesim_mimic_launch.py)
[1.088s] Level 1:colcon.colcon_core.environment:checking '/home/shaqiloheal/ros2_ws/install/talker_listener' for CMake module files
[1.089s] DEBUG:colcon.colcon_core.event_handler.log_command:Invoked command in '/home/shaqiloheal/ros2_ws/src/talker_listener' returned '0': DEBUGINFOD_URLS=https://debuginfod.ubuntu.com PYTHONPATH=/home/shaqiloheal/ros2_ws/build/talker_listener/prefix_override:/usr/lib/python3/dist-packages/colcon_core/task/python/colcon_distutils_commands:/home/shaqiloheal/ros2_ws/install/talker_listener/lib/python3.12/site-packages:${PYTHONPATH} /usr/bin/python3 -W ignore:setup.py install is deprecated setup.py egg_info --egg-base ../../build/talker_listener build --build-base /home/shaqiloheal/ros2_ws/build/talker_listener/build install --record /home/shaqiloheal/ros2_ws/build/talker_listener/install.log --single-version-externally-managed install_data
[1.089s] Level 1:colcon.colcon_core.environment:checking '/home/shaqiloheal/ros2_ws/install/talker_listener' for CMake config files
[1.089s] Level 1:colcon.colcon_core.environment:checking '/home/shaqiloheal/ros2_ws/install/talker_listener/lib'
[1.089s] Level 1:colcon.colcon_core.environment:checking '/home/shaqiloheal/ros2_ws/install/talker_listener/bin'
[1.089s] Level 1:colcon.colcon_core.environment:checking '/home/shaqiloheal/ros2_ws/install/talker_listener/lib/pkgconfig/talker_listener.pc'
[1.089s] Level 1:colcon.colcon_core.environment:checking '/home/shaqiloheal/ros2_ws/install/talker_listener/lib/python3.12/site-packages'
[1.089s] Level 1:colcon.colcon_core.shell:create_environment_hook('talker_listener', 'pythonpath')
[1.089s] INFO:colcon.colcon_core.shell:Creating environment hook '/home/shaqiloheal/ros2_ws/install/talker_listener/share/talker_listener/hook/pythonpath.ps1'
[1.089s] INFO:colcon.colcon_core.shell:Creating environment descriptor '/home/shaqiloheal/ros2_ws/install/talker_listener/share/talker_listener/hook/pythonpath.dsv'
[1.090s] INFO:colcon.colcon_core.shell:Creating environment hook '/home/shaqiloheal/ros2_ws/install/talker_listener/share/talker_listener/hook/pythonpath.sh'
[1.090s] Level 1:colcon.colcon_core.environment:checking '/home/shaqiloheal/ros2_ws/install/talker_listener/bin'
[1.090s] Level 1:colcon.colcon_core.environment:create_environment_scripts_only(talker_listener)
[1.090s] INFO:colcon.colcon_core.shell:Creating package script '/home/shaqiloheal/ros2_ws/install/talker_listener/share/talker_listener/package.ps1'
[1.090s] INFO:colcon.colcon_core.shell:Creating package descriptor '/home/shaqiloheal/ros2_ws/install/talker_listener/share/talker_listener/package.dsv'
[1.090s] INFO:colcon.colcon_core.shell:Creating package script '/home/shaqiloheal/ros2_ws/install/talker_listener/share/talker_listener/package.sh'
[1.091s] INFO:colcon.colcon_core.shell:Creating package script '/home/shaqiloheal/ros2_ws/install/talker_listener/share/talker_listener/package.bash'
[1.091s] INFO:colcon.colcon_core.shell:Creating package script '/home/shaqiloheal/ros2_ws/install/talker_listener/share/talker_listener/package.zsh'
[1.091s] Level 1:colcon.colcon_core.environment:create_file_with_runtime_dependencies(/home/shaqiloheal/ros2_ws/install/talker_listener/share/colcon-core/packages/talker_listener)
[1.091s] Level 1:colcon.colcon_core.environment:checking '/home/shaqiloheal/ros2_ws/install/hello_world' for CMake module files
[1.092s] DEBUG:colcon.colcon_core.event_handler.log_command:Invoked command in '/home/shaqiloheal/ros2_ws/src/hello_world' returned '0': DEBUGINFOD_URLS=https://debuginfod.ubuntu.com PYTHONPATH=/home/shaqiloheal/ros2_ws/build/hello_world/prefix_override:/usr/lib/python3/dist-packages/colcon_core/task/python/colcon_distutils_commands:/home/shaqiloheal/ros2_ws/install/hello_world/lib/python3.12/site-packages:${PYTHONPATH} /usr/bin/python3 -W ignore:setup.py install is deprecated setup.py egg_info --egg-base ../../build/hello_world build --build-base /home/shaqiloheal/ros2_ws/build/hello_world/build install --record /home/shaqiloheal/ros2_ws/build/hello_world/install.log --single-version-externally-managed install_data
[1.092s] Level 1:colcon.colcon_core.environment:checking '/home/shaqiloheal/ros2_ws/install/hello_world' for CMake config files
[1.092s] Level 1:colcon.colcon_core.environment:checking '/home/shaqiloheal/ros2_ws/install/hello_world/lib'
[1.092s] Level 1:colcon.colcon_core.environment:checking '/home/shaqiloheal/ros2_ws/install/hello_world/bin'
[1.092s] Level 1:colcon.colcon_core.environment:checking '/home/shaqiloheal/ros2_ws/install/hello_world/lib/pkgconfig/hello_world.pc'
[1.092s] Level 1:colcon.colcon_core.environment:checking '/home/shaqiloheal/ros2_ws/install/hello_world/lib/python3.12/site-packages'
[1.092s] Level 1:colcon.colcon_core.shell:create_environment_hook('hello_world', 'pythonpath')
[1.092s] INFO:colcon.colcon_core.shell:Creating environment hook '/home/shaqiloheal/ros2_ws/install/hello_world/share/hello_world/hook/pythonpath.ps1'
[1.093s] INFO:colcon.colcon_core.shell:Creating environment descriptor '/home/shaqiloheal/ros2_ws/install/hello_world/share/hello_world/hook/pythonpath.dsv'
[1.093s] INFO:colcon.colcon_core.shell:Creating environment hook '/home/shaqiloheal/ros2_ws/install/hello_world/share/hello_world/hook/pythonpath.sh'
[1.093s] Level 1:colcon.colcon_core.environment:checking '/home/shaqiloheal/ros2_ws/install/hello_world/bin'
[1.093s] Level 1:colcon.colcon_core.environment:create_environment_scripts_only(hello_world)
[1.093s] INFO:colcon.colcon_core.shell:Creating package script '/home/shaqiloheal/ros2_ws/install/hello_world/share/hello_world/package.ps1'
[1.094s] INFO:colcon.colcon_core.shell:Creating package descriptor '/home/shaqiloheal/ros2_ws/install/hello_world/share/hello_world/package.dsv'
[1.094s] INFO:colcon.colcon_core.shell:Creating package script '/home/shaqiloheal/ros2_ws/install/hello_world/share/hello_world/package.sh'
[1.094s] INFO:colcon.colcon_core.shell:Creating package script '/home/shaqiloheal/ros2_ws/install/hello_world/share/hello_world/package.bash'
[1.094s] INFO:colcon.colcon_core.shell:Creating package script '/home/shaqiloheal/ros2_ws/install/hello_world/share/hello_world/package.zsh'
[1.094s] Level 1:colcon.colcon_core.environment:create_file_with_runtime_dependencies(/home/shaqiloheal/ros2_ws/install/hello_world/share/colcon-core/packages/hello_world)
[1.094s] DEBUG:colcon.colcon_parallel_executor.executor.parallel:closing loop
[1.095s] DEBUG:colcon.colcon_parallel_executor.executor.parallel:loop closed
[1.095s] DEBUG:colcon.colcon_parallel_executor.executor.parallel:run_until_complete finished with '0'
[1.095s] DEBUG:colcon.colcon_core.event_reactor:joining thread
[1.098s] INFO:colcon.colcon_core.plugin_system:Skipping extension 'colcon_notification.desktop_notification.terminal_notifier': Not used on non-Darwin systems
[1.098s] INFO:colcon.colcon_core.plugin_system:Skipping extension 'colcon_notification.desktop_notification.win32': Not used on non-Windows systems
[1.098s] INFO:colcon.colcon_notification.desktop_notification:Sending desktop notification using 'notify2'
[1.107s] DEBUG:colcon.colcon_core.event_reactor:joined thread
[1.108s] INFO:colcon.colcon_core.shell:Creating prefix script '/home/shaqiloheal/ros2_ws/install/local_setup.ps1'
[1.108s] INFO:colcon.colcon_core.shell:Creating prefix util module '/home/shaqiloheal/ros2_ws/install/_local_setup_util_ps1.py'
[1.109s] INFO:colcon.colcon_core.shell:Creating prefix chain script '/home/shaqiloheal/ros2_ws/install/setup.ps1'
[1.109s] INFO:colcon.colcon_core.shell:Creating prefix script '/home/shaqiloheal/ros2_ws/install/local_setup.sh'
[1.110s] INFO:colcon.colcon_core.shell:Creating prefix util module '/home/shaqiloheal/ros2_ws/install/_local_setup_util_sh.py'
[1.110s] INFO:colcon.colcon_core.shell:Creating prefix chain script '/home/shaqiloheal/ros2_ws/install/setup.sh'
[1.111s] INFO:colcon.colcon_core.shell:Creating prefix script '/home/shaqiloheal/ros2_ws/install/local_setup.bash'
[1.111s] INFO:colcon.colcon_core.shell:Creating prefix chain script '/home/shaqiloheal/ros2_ws/install/setup.bash'
[1.111s] INFO:colcon.colcon_core.shell:Creating prefix script '/home/shaqiloheal/ros2_ws/install/local_setup.zsh'
[1.112s] INFO:colcon.colcon_core.shell:Creating prefix chain script '/home/shaqiloheal/ros2_ws/install/setup.zsh'
