[0.546s] Invoking command in '/home/shaqiloheal/ros2_ws/src/hello_world': DEBUGINFOD_URLS=https://debuginfod.ubuntu.com PYTHONPATH=/home/shaqiloheal/ros2_ws/build/hello_world/prefix_override:/usr/lib/python3/dist-packages/colcon_core/task/python/colcon_distutils_commands:/home/shaqiloheal/ros2_ws/install/hello_world/lib/python3.12/site-packages:${PYTHONPATH} /usr/bin/python3 -W ignore:setup.py install is deprecated setup.py egg_info --egg-base ../../build/hello_world build --build-base /home/shaqiloheal/ros2_ws/build/hello_world/build install --record /home/shaqiloheal/ros2_ws/build/hello_world/install.log --single-version-externally-managed install_data
[0.657s] running egg_info
[0.664s] writing ../../build/hello_world/hello_world.egg-info/PKG-INFO
[0.665s] writing dependency_links to ../../build/hello_world/hello_world.egg-info/dependency_links.txt
[0.665s] writing entry points to ../../build/hello_world/hello_world.egg-info/entry_points.txt
[0.665s] writing requirements to ../../build/hello_world/hello_world.egg-info/requires.txt
[0.665s] writing top-level names to ../../build/hello_world/hello_world.egg-info/top_level.txt
[0.680s] reading manifest file '../../build/hello_world/hello_world.egg-info/SOURCES.txt'
[0.680s] adding license file 'LICENSE'
[0.680s] writing manifest file '../../build/hello_world/hello_world.egg-info/SOURCES.txt'
[0.680s] running build
[0.680s] running build_py
[0.680s] running install
[0.683s] running install_lib
[0.691s] running install_data
[0.691s] running install_egg_info
[0.699s] removing '/home/shaqiloheal/ros2_ws/install/hello_world/lib/python3.12/site-packages/hello_world-0.0.0-py3.12.egg-info' (and everything under it)
[0.699s] Copying ../../build/hello_world/hello_world.egg-info to /home/shaqiloheal/ros2_ws/install/hello_world/lib/python3.12/site-packages/hello_world-0.0.0-py3.12.egg-info
[0.700s] running install_scripts
[0.755s] Installing hello script to /home/shaqiloheal/ros2_ws/install/hello_world/lib/hello_world
[0.755s] writing list of installed files to '/home/shaqiloheal/ros2_ws/build/hello_world/install.log'
[0.772s] Invoked command in '/home/shaqiloheal/ros2_ws/src/hello_world' returned '0': DEBUGINFOD_URLS=https://debuginfod.ubuntu.com PYTHONPATH=/home/shaqiloheal/ros2_ws/build/hello_world/prefix_override:/usr/lib/python3/dist-packages/colcon_core/task/python/colcon_distutils_commands:/home/shaqiloheal/ros2_ws/install/hello_world/lib/python3.12/site-packages:${PYTHONPATH} /usr/bin/python3 -W ignore:setup.py install is deprecated setup.py egg_info --egg-base ../../build/hello_world build --build-base /home/shaqiloheal/ros2_ws/build/hello_world/build install --record /home/shaqiloheal/ros2_ws/build/hello_world/install.log --single-version-externally-managed install_data
