[0.362s] Invoking command in '/home/shaqiloheal/ros2_ws/src/my_package': DEBUGINFOD_URLS=https://debuginfod.ubuntu.com PYTHONPATH=/home/shaqiloheal/ros2_ws/build/my_package/prefix_override:/usr/lib/python3/dist-packages/colcon_core/task/python/colcon_distutils_commands:/home/shaqiloheal/ros2_ws/install/my_package/lib/python3.12/site-packages:${PYTHONPATH} /usr/bin/python3 -W ignore:setup.py install is deprecated setup.py egg_info --egg-base ../../build/my_package build --build-base /home/shaqiloheal/ros2_ws/build/my_package/build install --record /home/shaqiloheal/ros2_ws/build/my_package/install.log --single-version-externally-managed install_data
[0.480s] running egg_info
[0.488s] writing ../../build/my_package/my_package.egg-info/PKG-INFO
[0.488s] writing dependency_links to ../../build/my_package/my_package.egg-info/dependency_links.txt
[0.488s] writing requirements to ../../build/my_package/my_package.egg-info/requires.txt
[0.488s] writing top-level names to ../../build/my_package/my_package.egg-info/top_level.txt
[0.503s] reading manifest file '../../build/my_package/my_package.egg-info/SOURCES.txt'
[0.503s] adding license file 'LICENSE'
[0.503s] writing manifest file '../../build/my_package/my_package.egg-info/SOURCES.txt'
[0.504s] running build
[0.504s] running build_py
[0.504s] running install
[0.507s] running install_lib
[0.515s] running install_data
[0.515s] running install_egg_info
[0.523s] removing '/home/shaqiloheal/ros2_ws/install/my_package/lib/python3.12/site-packages/my_package-0.0.0-py3.12.egg-info' (and everything under it)
[0.523s] Copying ../../build/my_package/my_package.egg-info to /home/shaqiloheal/ros2_ws/install/my_package/lib/python3.12/site-packages/my_package-0.0.0-py3.12.egg-info
[0.523s] running install_scripts
[0.581s] writing list of installed files to '/home/shaqiloheal/ros2_ws/build/my_package/install.log'
[0.595s] Invoked command in '/home/shaqiloheal/ros2_ws/src/my_package' returned '0': DEBUGINFOD_URLS=https://debuginfod.ubuntu.com PYTHONPATH=/home/shaqiloheal/ros2_ws/build/my_package/prefix_override:/usr/lib/python3/dist-packages/colcon_core/task/python/colcon_distutils_commands:/home/shaqiloheal/ros2_ws/install/my_package/lib/python3.12/site-packages:${PYTHONPATH} /usr/bin/python3 -W ignore:setup.py install is deprecated setup.py egg_info --egg-base ../../build/my_package build --build-base /home/shaqiloheal/ros2_ws/build/my_package/build install --record /home/shaqiloheal/ros2_ws/build/my_package/install.log --single-version-externally-managed install_data
