[0.424s] Invoking command in '/home/shaqiloheal/ros2_ws/src/talker_listener': DEBUGINFOD_URLS=https://debuginfod.ubuntu.com PYTHONPATH=/home/shaqiloheal/ros2_ws/build/talker_listener/prefix_override:/usr/lib/python3/dist-packages/colcon_core/task/python/colcon_distutils_commands:/home/shaqiloheal/ros2_ws/install/talker_listener/lib/python3.12/site-packages:${PYTHONPATH} /usr/bin/python3 -W ignore:setup.py install is deprecated setup.py egg_info --egg-base ../../build/talker_listener build --build-base /home/shaqiloheal/ros2_ws/build/talker_listener/build install --record /home/shaqiloheal/ros2_ws/build/talker_listener/install.log --single-version-externally-managed install_data
[0.532s] running egg_info
[0.533s] creating ../../build/talker_listener/talker_listener.egg-info
[0.539s] writing ../../build/talker_listener/talker_listener.egg-info/PKG-INFO
[0.539s] writing dependency_links to ../../build/talker_listener/talker_listener.egg-info/dependency_links.txt
[0.539s] writing entry points to ../../build/talker_listener/talker_listener.egg-info/entry_points.txt
[0.539s] writing requirements to ../../build/talker_listener/talker_listener.egg-info/requires.txt
[0.540s] writing top-level names to ../../build/talker_listener/talker_listener.egg-info/top_level.txt
[0.540s] writing manifest file '../../build/talker_listener/talker_listener.egg-info/SOURCES.txt'
[0.554s] reading manifest file '../../build/talker_listener/talker_listener.egg-info/SOURCES.txt'
[0.554s] adding license file 'LICENSE'
[0.554s] writing manifest file '../../build/talker_listener/talker_listener.egg-info/SOURCES.txt'
[0.554s] running build
[0.554s] running build_py
[0.554s] creating /home/shaqiloheal/ros2_ws/build/talker_listener/build
[0.554s] creating /home/shaqiloheal/ros2_ws/build/talker_listener/build/lib
[0.554s] creating /home/shaqiloheal/ros2_ws/build/talker_listener/build/lib/talker_listener
[0.554s] copying talker_listener/subscriber_member_function.py -> /home/shaqiloheal/ros2_ws/build/talker_listener/build/lib/talker_listener
[0.554s] copying talker_listener/__init__.py -> /home/shaqiloheal/ros2_ws/build/talker_listener/build/lib/talker_listener
[0.554s] copying talker_listener/publisher_member_function.py -> /home/shaqiloheal/ros2_ws/build/talker_listener/build/lib/talker_listener
[0.554s] running install
[0.557s] running install_lib
[0.564s] creating /home/shaqiloheal/ros2_ws/install/talker_listener/lib/python3.12/site-packages/talker_listener
[0.565s] copying /home/shaqiloheal/ros2_ws/build/talker_listener/build/lib/talker_listener/subscriber_member_function.py -> /home/shaqiloheal/ros2_ws/install/talker_listener/lib/python3.12/site-packages/talker_listener
[0.565s] copying /home/shaqiloheal/ros2_ws/build/talker_listener/build/lib/talker_listener/__init__.py -> /home/shaqiloheal/ros2_ws/install/talker_listener/lib/python3.12/site-packages/talker_listener
[0.565s] copying /home/shaqiloheal/ros2_ws/build/talker_listener/build/lib/talker_listener/publisher_member_function.py -> /home/shaqiloheal/ros2_ws/install/talker_listener/lib/python3.12/site-packages/talker_listener
[0.565s] byte-compiling /home/shaqiloheal/ros2_ws/install/talker_listener/lib/python3.12/site-packages/talker_listener/subscriber_member_function.py to subscriber_member_function.cpython-312.pyc
[0.565s] byte-compiling /home/shaqiloheal/ros2_ws/install/talker_listener/lib/python3.12/site-packages/talker_listener/__init__.py to __init__.cpython-312.pyc
[0.565s] byte-compiling /home/shaqiloheal/ros2_ws/install/talker_listener/lib/python3.12/site-packages/talker_listener/publisher_member_function.py to publisher_member_function.cpython-312.pyc
[0.566s] running install_data
[0.566s] creating /home/shaqiloheal/ros2_ws/install/talker_listener/share/ament_index
[0.566s] creating /home/shaqiloheal/ros2_ws/install/talker_listener/share/ament_index/resource_index
[0.566s] creating /home/shaqiloheal/ros2_ws/install/talker_listener/share/ament_index/resource_index/packages
[0.566s] copying resource/talker_listener -> /home/shaqiloheal/ros2_ws/install/talker_listener/share/ament_index/resource_index/packages
[0.566s] copying package.xml -> /home/shaqiloheal/ros2_ws/install/talker_listener/share/talker_listener
[0.566s] running install_egg_info
[0.573s] Copying ../../build/talker_listener/talker_listener.egg-info to /home/shaqiloheal/ros2_ws/install/talker_listener/lib/python3.12/site-packages/talker_listener-0.0.0-py3.12.egg-info
[0.574s] running install_scripts
[0.628s] Installing listener script to /home/shaqiloheal/ros2_ws/install/talker_listener/lib/talker_listener
[0.628s] Installing talker script to /home/shaqiloheal/ros2_ws/install/talker_listener/lib/talker_listener
[0.628s] writing list of installed files to '/home/shaqiloheal/ros2_ws/build/talker_listener/install.log'
[0.645s] Invoked command in '/home/shaqiloheal/ros2_ws/src/talker_listener' returned '0': DEBUGINFOD_URLS=https://debuginfod.ubuntu.com PYTHONPATH=/home/shaqiloheal/ros2_ws/build/talker_listener/prefix_override:/usr/lib/python3/dist-packages/colcon_core/task/python/colcon_distutils_commands:/home/shaqiloheal/ros2_ws/install/talker_listener/lib/python3.12/site-packages:${PYTHONPATH} /usr/bin/python3 -W ignore:setup.py install is deprecated setup.py egg_info --egg-base ../../build/talker_listener build --build-base /home/shaqiloheal/ros2_ws/build/talker_listener/build install --record /home/shaqiloheal/ros2_ws/build/talker_listener/install.log --single-version-externally-managed install_data
