[0.625s] Invoking command in '/home/shaqiloheal/ros2_ws/src/talker_listener': DEBUGINFOD_URLS=https://debuginfod.ubuntu.com PYTHONPATH=/home/shaqiloheal/ros2_ws/build/talker_listener/prefix_override:/usr/lib/python3/dist-packages/colcon_core/task/python/colcon_distutils_commands:/home/shaqiloheal/ros2_ws/install/talker_listener/lib/python3.12/site-packages:${PYTHONPATH} /usr/bin/python3 -W ignore:setup.py install is deprecated setup.py egg_info --egg-base ../../build/talker_listener build --build-base /home/shaqiloheal/ros2_ws/build/talker_listener/build install --record /home/shaqiloheal/ros2_ws/build/talker_listener/install.log --single-version-externally-managed install_data
[0.739s] running egg_info
[0.746s] writing ../../build/talker_listener/talker_listener.egg-info/PKG-INFO
[0.748s] writing dependency_links to ../../build/talker_listener/talker_listener.egg-info/dependency_links.txt
[0.748s] writing entry points to ../../build/talker_listener/talker_listener.egg-info/entry_points.txt
[0.748s] writing requirements to ../../build/talker_listener/talker_listener.egg-info/requires.txt
[0.748s] writing top-level names to ../../build/talker_listener/talker_listener.egg-info/top_level.txt
[0.763s] reading manifest file '../../build/talker_listener/talker_listener.egg-info/SOURCES.txt'
[0.763s] adding license file 'LICENSE'
[0.763s] writing manifest file '../../build/talker_listener/talker_listener.egg-info/SOURCES.txt'
[0.763s] running build
[0.763s] running build_py
[0.764s] running install
[0.767s] running install_lib
[0.774s] running install_data
[0.774s] running install_egg_info
[0.782s] removing '/home/shaqiloheal/ros2_ws/install/talker_listener/lib/python3.12/site-packages/talker_listener-0.0.0-py3.12.egg-info' (and everything under it)
[0.782s] Copying ../../build/talker_listener/talker_listener.egg-info to /home/shaqiloheal/ros2_ws/install/talker_listener/lib/python3.12/site-packages/talker_listener-0.0.0-py3.12.egg-info
[0.783s] running install_scripts
[0.839s] Installing listener script to /home/shaqiloheal/ros2_ws/install/talker_listener/lib/talker_listener
[0.839s] Installing talker script to /home/shaqiloheal/ros2_ws/install/talker_listener/lib/talker_listener
[0.839s] writing list of installed files to '/home/shaqiloheal/ros2_ws/build/talker_listener/install.log'
[0.854s] Invoked command in '/home/shaqiloheal/ros2_ws/src/talker_listener' returned '0': DEBUGINFOD_URLS=https://debuginfod.ubuntu.com PYTHONPATH=/home/shaqiloheal/ros2_ws/build/talker_listener/prefix_override:/usr/lib/python3/dist-packages/colcon_core/task/python/colcon_distutils_commands:/home/shaqiloheal/ros2_ws/install/talker_listener/lib/python3.12/site-packages:${PYTHONPATH} /usr/bin/python3 -W ignore:setup.py install is deprecated setup.py egg_info --egg-base ../../build/talker_listener build --build-base /home/shaqiloheal/ros2_ws/build/talker_listener/build install --record /home/shaqiloheal/ros2_ws/build/talker_listener/install.log --single-version-externally-managed install_data
