[0.548s] Invoking command in '/home/shaqiloheal/ros2_ws/src/hello_world': DEBUGINFOD_URLS=https://debuginfod.ubuntu.com PYTHONPATH=/home/shaqiloheal/ros2_ws/build/hello_world/prefix_override:/usr/lib/python3/dist-packages/colcon_core/task/python/colcon_distutils_commands:/home/shaqiloheal/ros2_ws/install/hello_world/lib/python3.12/site-packages:${PYTHONPATH} /usr/bin/python3 -W ignore:setup.py install is deprecated setup.py egg_info --egg-base ../../build/hello_world build --build-base /home/shaqiloheal/ros2_ws/build/hello_world/build install --record /home/shaqiloheal/ros2_ws/build/hello_world/install.log --single-version-externally-managed install_data
[0.661s] running egg_info
[0.668s] writing ../../build/hello_world/hello_world.egg-info/PKG-INFO
[0.668s] writing dependency_links to ../../build/hello_world/hello_world.egg-info/dependency_links.txt
[0.668s] writing entry points to ../../build/hello_world/hello_world.egg-info/entry_points.txt
[0.668s] writing requirements to ../../build/hello_world/hello_world.egg-info/requires.txt
[0.668s] writing top-level names to ../../build/hello_world/hello_world.egg-info/top_level.txt
[0.683s] reading manifest file '../../build/hello_world/hello_world.egg-info/SOURCES.txt'
[0.683s] adding license file 'LICENSE'
[0.683s] writing manifest file '../../build/hello_world/hello_world.egg-info/SOURCES.txt'
[0.683s] running build
[0.683s] running build_py
[0.684s] running install
[0.687s] running install_lib
[0.694s] running install_data
[0.694s] running install_egg_info
[0.702s] removing '/home/shaqiloheal/ros2_ws/install/hello_world/lib/python3.12/site-packages/hello_world-0.0.0-py3.12.egg-info' (and everything under it)
[0.702s] Copying ../../build/hello_world/hello_world.egg-info to /home/shaqiloheal/ros2_ws/install/hello_world/lib/python3.12/site-packages/hello_world-0.0.0-py3.12.egg-info
[0.703s] running install_scripts
[0.759s] Installing hello script to /home/shaqiloheal/ros2_ws/install/hello_world/lib/hello_world
[0.759s] writing list of installed files to '/home/shaqiloheal/ros2_ws/build/hello_world/install.log'
[0.780s] Invoked command in '/home/shaqiloheal/ros2_ws/src/hello_world' returned '0': DEBUGINFOD_URLS=https://debuginfod.ubuntu.com PYTHONPATH=/home/shaqiloheal/ros2_ws/build/hello_world/prefix_override:/usr/lib/python3/dist-packages/colcon_core/task/python/colcon_distutils_commands:/home/shaqiloheal/ros2_ws/install/hello_world/lib/python3.12/site-packages:${PYTHONPATH} /usr/bin/python3 -W ignore:setup.py install is deprecated setup.py egg_info --egg-base ../../build/hello_world build --build-base /home/shaqiloheal/ros2_ws/build/hello_world/build install --record /home/shaqiloheal/ros2_ws/build/hello_world/install.log --single-version-externally-managed install_data
